#
# There is insufficient memory for the Java Runtime Environment to continue.
# Native memory allocation (mmap) failed to map 155189248 bytes for G1 virtual space
# Possible reasons:
#   The system is out of physical RAM or swap space
#   The process is running with CompressedOops enabled, and the Java Heap may be blocking the growth of the native heap
# Possible solutions:
#   Reduce memory load on the system
#   Increase physical memory or swap space
#   Check if swap backing store is full
#   Decrease Java heap size (-Xmx/-Xms)
#   Decrease number of Java threads
#   Decrease Java thread stack sizes (-Xss)
#   Set larger code cache with -XX:ReservedCodeCacheSize=
#   JVM is running with Unscaled Compressed Oops mode in which the Java heap is
#     placed in the first 4GB address space. The Java Heap base address is the
#     maximum limit for the native heap growth. Please use -XX:HeapBaseMinAddress
#     to set the Java Heap base and to place the Java Heap above 4GB virtual address.
# This output file may be truncated or incomplete.
#
#  Out of Memory Error (os_windows.cpp:3552), pid=11568, tid=15616
#
# JRE version: Java(TM) SE Runtime Environment (17.0.9+11) (build 17.0.9+11-LTS-201)
# Java VM: Java HotSpot(TM) 64-Bit Server VM (17.0.9+11-LTS-201, mixed mode, sharing, tiered, compressed oops, compressed class ptrs, g1 gc, windows-amd64)
# No core dump will be written. Minidumps are not enabled by default on client versions of Windows
#

---------------  S U M M A R Y ------------

Command Line: -Dfile.encoding=UTF-8 --module-path=C:\Users\HI\g3_proj-497370688\RMServer\build\classes rmserver.RMServer

Host: AMD Ryzen 5 4500U with Radeon Graphics         , 6 cores, 7G,  Windows 11 , 64 bit Build 22621 (10.0.22621.2506)
Time: Mon Nov 20 14:54:42 2023 SE Asia Standard Time elapsed time: 377.902544 seconds (0d 0h 6m 17s)

---------------  T H R E A D  ---------------

Current thread (0x000002a0f46cb1d0):  VMThread "VM Thread" [stack: 0x000000cf83c00000,0x000000cf83d00000] [id=15616]

Stack: [0x000000cf83c00000,0x000000cf83d00000]
Native frames: (J=compiled Java code, j=interpreted, Vv=VM code, C=native code)
V  [jvm.dll+0x678a4a]
V  [jvm.dll+0x7d9cfd]
V  [jvm.dll+0x7db60e]
V  [jvm.dll+0x7dbc73]
V  [jvm.dll+0x245e1f]
V  [jvm.dll+0x6758f9]
V  [jvm.dll+0x66a2a2]
V  [jvm.dll+0x303686]
V  [jvm.dll+0x30ac06]
V  [jvm.dll+0x35a48e]
V  [jvm.dll+0x35a6bf]
V  [jvm.dll+0x2da678]
V  [jvm.dll+0x2d8a85]
V  [jvm.dll+0x2d808c]
V  [jvm.dll+0x31bca1]
V  [jvm.dll+0x7e048b]
V  [jvm.dll+0x7e11c4]
V  [jvm.dll+0x7e16dd]
V  [jvm.dll+0x7e1ab4]
V  [jvm.dll+0x7e1b80]
V  [jvm.dll+0x78998a]
V  [jvm.dll+0x677875]
C  [ucrtbase.dll+0x29363]
C  [KERNEL32.DLL+0x1257d]
C  [ntdll.dll+0x5aa58]

VM_Operation (0x000000cf85dfdf28): G1TryInitiateConcMark, mode: safepoint, requested by thread 0x000002a0f49c5060


---------------  P R O C E S S  ---------------

Threads class SMR info:
_java_thread_list=0x000002a0f97aab50, length=17, elements={
0x000002a0d6f5abd0, 0x000002a0f46d0de0, 0x000002a0f46d4680, 0x000002a0f46e70f0,
0x000002a0f46e99e0, 0x000002a0f46ea2b0, 0x000002a0f46ecb90, 0x000002a0f46ed840,
0x000002a0f46f1700, 0x000002a0f46fa800, 0x000002a0f4916e40, 0x000002a0f4998d70,
0x000002a0f4a172c0, 0x000002a0f4bbac70, 0x000002a0f4bd8cc0, 0x000002a0f49c5060,
0x000002a0f935bdd0
}

Java Threads: ( => current thread )
  0x000002a0d6f5abd0 JavaThread "main" [_thread_in_native, id=17164, stack(0x000000cf83600000,0x000000cf83700000)]
  0x000002a0f46d0de0 JavaThread "Reference Handler" daemon [_thread_blocked, id=13880, stack(0x000000cf83d00000,0x000000cf83e00000)]
  0x000002a0f46d4680 JavaThread "Finalizer" daemon [_thread_blocked, id=14264, stack(0x000000cf83e00000,0x000000cf83f00000)]
  0x000002a0f46e70f0 JavaThread "Signal Dispatcher" daemon [_thread_blocked, id=11840, stack(0x000000cf83f00000,0x000000cf84000000)]
  0x000002a0f46e99e0 JavaThread "Attach Listener" daemon [_thread_blocked, id=15052, stack(0x000000cf84000000,0x000000cf84100000)]
  0x000002a0f46ea2b0 JavaThread "Service Thread" daemon [_thread_blocked, id=7620, stack(0x000000cf84100000,0x000000cf84200000)]
  0x000002a0f46ecb90 JavaThread "Monitor Deflation Thread" daemon [_thread_blocked, id=4444, stack(0x000000cf84200000,0x000000cf84300000)]
  0x000002a0f46ed840 JavaThread "C2 CompilerThread0" daemon [_thread_blocked, id=16488, stack(0x000000cf84300000,0x000000cf84400000)]
  0x000002a0f46f1700 JavaThread "C1 CompilerThread0" daemon [_thread_blocked, id=16836, stack(0x000000cf84400000,0x000000cf84500000)]
  0x000002a0f46fa800 JavaThread "Sweeper thread" daemon [_thread_blocked, id=13304, stack(0x000000cf84500000,0x000000cf84600000)]
  0x000002a0f4916e40 JavaThread "Common-Cleaner" daemon [_thread_blocked, id=11152, stack(0x000000cf84600000,0x000000cf84700000)]
  0x000002a0f4998d70 JavaThread "Notification Thread" daemon [_thread_blocked, id=11096, stack(0x000000cf84700000,0x000000cf84800000)]
  0x000002a0f4a172c0 JavaThread "Thread-0" [_thread_in_native, id=1280, stack(0x000000cf84900000,0x000000cf84a00000)]
  0x000002a0f4bbac70 JavaThread "Java2D Disposer" daemon [_thread_blocked, id=8372, stack(0x000000cf84a00000,0x000000cf84b00000)]
  0x000002a0f4bd8cc0 JavaThread "AWT-Windows" daemon [_thread_in_native, id=2760, stack(0x000000cf84c00000,0x000000cf84d00000)]
  0x000002a0f49c5060 JavaThread "Thread-1" [_thread_blocked, id=11516, stack(0x000000cf85d00000,0x000000cf85e00000)]
  0x000002a0f935bdd0 JavaThread "AWT-Shutdown" [_thread_blocked, id=11808, stack(0x000000cf85e00000,0x000000cf85f00000)]

Other Threads:
=>0x000002a0f46cb1d0 VMThread "VM Thread" [stack: 0x000000cf83c00000,0x000000cf83d00000] [id=15616]
  0x000002a0d6fd66a0 WatcherThread [stack: 0x000000cf84800000,0x000000cf84900000] [id=5812]
  0x000002a0d6fb12a0 GCTaskThread "GC Thread#0" [stack: 0x000000cf83700000,0x000000cf83800000] [id=1220]
  0x000002a0f9a1cb40 GCTaskThread "GC Thread#1" [stack: 0x000000cf85700000,0x000000cf85800000] [id=8548]
  0x000002a0f94bf1f0 GCTaskThread "GC Thread#2" [stack: 0x000000cf85800000,0x000000cf85900000] [id=16972]
  0x000002a0f94bf4b0 GCTaskThread "GC Thread#3" [stack: 0x000000cf85900000,0x000000cf85a00000] [id=15192]
  0x000002a0f94be430 GCTaskThread "GC Thread#4" [stack: 0x000000cf85a00000,0x000000cf85b00000] [id=8860]
  0x000002a0f94bdeb0 GCTaskThread "GC Thread#5" [stack: 0x000000cf85b00000,0x000000cf85c00000] [id=5064]
  0x000002a0d6fc0db0 ConcurrentGCThread "G1 Main Marker" [stack: 0x000000cf83800000,0x000000cf83900000] [id=15692]
  0x000002a0d6fc27d0 ConcurrentGCThread "G1 Conc#0" [stack: 0x000000cf83900000,0x000000cf83a00000] [id=2652]
  0x000002a0f94bf770 ConcurrentGCThread "G1 Conc#1" [stack: 0x000000cf85f00000,0x000000cf86000000] [id=1896]
  0x000002a0f4590090 ConcurrentGCThread "G1 Refine#0" [stack: 0x000000cf83a00000,0x000000cf83b00000] [id=1104]
  0x000002a0f45909d0 ConcurrentGCThread "G1 Service" [stack: 0x000000cf83b00000,0x000000cf83c00000] [id=8780]

Threads with active compile tasks:

VM state: at safepoint (normal execution)

VM Mutex/Monitor currently owned by a thread:  ([mutex/lock_event])
[0x000002a0d6f578f0] Threads_lock - owner thread: 0x000002a0f46cb1d0
[0x000002a0d6f56e40] Heap_lock - owner thread: 0x000002a0f49c5060

Heap address: 0x000000008a200000, size: 1886 MB, Compressed Oops mode: 32-bit

CDS archive(s) mapped at: [0x000002a080000000-0x000002a080bd0000-0x000002a080bd0000), size 12386304, SharedBaseAddress: 0x000002a080000000, ArchiveRelocationMode: 1.
Compressed class space mapped at: 0x000002a081000000-0x000002a0c1000000, reserved size: 1073741824
Narrow klass base: 0x000002a080000000, Narrow klass shift: 0, Narrow klass range: 0x100000000

GC Precious Log:
 CPUs: 6 total, 6 available
 Memory: 7542M
 Large Page Support: Disabled
 NUMA Support: Disabled
 Compressed Oops: Enabled (32-bit)
 Heap Region Size: 1M
 Heap Min Capacity: 8M
 Heap Initial Capacity: 118M
 Heap Max Capacity: 1886M
 Pre-touch: Disabled
 Parallel Workers: 6
 Concurrent Workers: 2
 Concurrent Refinement Workers: 6
 Periodic GC: Disabled

Heap:
 garbage-first heap   total 319488K, used 189877K [0x000000008a200000, 0x0000000100000000)
  region size 1024K, 1 young (1024K), 1 survivors (1024K)
 Metaspace       used 4766K, committed 4928K, reserved 1114112K
  class space    used 463K, committed 512K, reserved 1048576K

Heap Regions: E=young(eden), S=young(survivor), O=old, HS=humongous(starts), HC=humongous(continues), CS=collection set, F=free, OA=open archive, CA=closed archive, TAMS=top-at-mark-start (previous, next)
|   0|0x000000008a200000, 0x000000008a300000, 0x000000008a300000|100%|HS|  |TAMS 0x000000008a300000, 0x000000008a300000| Complete 
|   1|0x000000008a300000, 0x000000008a400000, 0x000000008a400000|100%|HC|  |TAMS 0x000000008a400000, 0x000000008a400000| Complete 
|   2|0x000000008a400000, 0x000000008a500000, 0x000000008a500000|100%|HC|  |TAMS 0x000000008a500000, 0x000000008a500000| Complete 
|   3|0x000000008a500000, 0x000000008a600000, 0x000000008a600000|100%|HC|  |TAMS 0x000000008a600000, 0x000000008a600000| Complete 
|   4|0x000000008a600000, 0x000000008a700000, 0x000000008a700000|100%|HC|  |TAMS 0x000000008a700000, 0x000000008a700000| Complete 
|   5|0x000000008a700000, 0x000000008a800000, 0x000000008a800000|100%|HC|  |TAMS 0x000000008a800000, 0x000000008a800000| Complete 
|   6|0x000000008a800000, 0x000000008a900000, 0x000000008a900000|100%|HC|  |TAMS 0x000000008a900000, 0x000000008a900000| Complete 
|   7|0x000000008a900000, 0x000000008aa00000, 0x000000008aa00000|100%|HC|  |TAMS 0x000000008aa00000, 0x000000008aa00000| Complete 
|   8|0x000000008aa00000, 0x000000008ab00000, 0x000000008ab00000|100%| O|  |TAMS 0x000000008ab00000, 0x000000008ab00000| Untracked 
|   9|0x000000008ab00000, 0x000000008ab69e00, 0x000000008ac00000| 41%| O|  |TAMS 0x000000008ab68200, 0x000000008ab68c00| Untracked 
|  10|0x000000008ac00000, 0x000000008ac00000, 0x000000008ad00000|  0%| F|  |TAMS 0x000000008ac00000, 0x000000008ac00000| Untracked 
|  11|0x000000008ad00000, 0x000000008ae00000, 0x000000008ae00000|100%|HS|  |TAMS 0x000000008ae00000, 0x000000008ae00000| Complete 
|  12|0x000000008ae00000, 0x000000008af00000, 0x000000008af00000|100%|HC|  |TAMS 0x000000008af00000, 0x000000008af00000| Complete 
|  13|0x000000008af00000, 0x000000008b000000, 0x000000008b000000|100%|HC|  |TAMS 0x000000008b000000, 0x000000008b000000| Complete 
|  14|0x000000008b000000, 0x000000008b100000, 0x000000008b100000|100%|HC|  |TAMS 0x000000008b100000, 0x000000008b100000| Complete 
|  15|0x000000008b100000, 0x000000008b200000, 0x000000008b200000|100%|HC|  |TAMS 0x000000008b200000, 0x000000008b200000| Complete 
|  16|0x000000008b200000, 0x000000008b300000, 0x000000008b300000|100%|HC|  |TAMS 0x000000008b300000, 0x000000008b300000| Complete 
|  17|0x000000008b300000, 0x000000008b400000, 0x000000008b400000|100%|HC|  |TAMS 0x000000008b400000, 0x000000008b400000| Complete 
|  18|0x000000008b400000, 0x000000008b500000, 0x000000008b500000|100%|HC|  |TAMS 0x000000008b500000, 0x000000008b500000| Complete 
|  19|0x000000008b500000, 0x000000008b600000, 0x000000008b600000|100%|HS|  |TAMS 0x000000008b600000, 0x000000008b600000| Complete 
|  20|0x000000008b600000, 0x000000008b700000, 0x000000008b700000|100%|HC|  |TAMS 0x000000008b700000, 0x000000008b700000| Complete 
|  21|0x000000008b700000, 0x000000008b800000, 0x000000008b800000|100%|HC|  |TAMS 0x000000008b800000, 0x000000008b800000| Complete 
|  22|0x000000008b800000, 0x000000008b900000, 0x000000008b900000|100%|HC|  |TAMS 0x000000008b900000, 0x000000008b900000| Complete 
|  23|0x000000008b900000, 0x000000008ba00000, 0x000000008ba00000|100%|HC|  |TAMS 0x000000008ba00000, 0x000000008ba00000| Complete 
|  24|0x000000008ba00000, 0x000000008bb00000, 0x000000008bb00000|100%|HC|  |TAMS 0x000000008bb00000, 0x000000008bb00000| Complete 
|  25|0x000000008bb00000, 0x000000008bc00000, 0x000000008bc00000|100%|HC|  |TAMS 0x000000008bc00000, 0x000000008bc00000| Complete 
|  26|0x000000008bc00000, 0x000000008bd00000, 0x000000008bd00000|100%|HC|  |TAMS 0x000000008bd00000, 0x000000008bd00000| Complete 
|  27|0x000000008bd00000, 0x000000008be00000, 0x000000008be00000|100%|HS|  |TAMS 0x000000008be00000, 0x000000008be00000| Complete 
|  28|0x000000008be00000, 0x000000008bf00000, 0x000000008bf00000|100%|HC|  |TAMS 0x000000008bf00000, 0x000000008bf00000| Complete 
|  29|0x000000008bf00000, 0x000000008c000000, 0x000000008c000000|100%|HC|  |TAMS 0x000000008c000000, 0x000000008c000000| Complete 
|  30|0x000000008c000000, 0x000000008c100000, 0x000000008c100000|100%|HC|  |TAMS 0x000000008c100000, 0x000000008c100000| Complete 
|  31|0x000000008c100000, 0x000000008c200000, 0x000000008c200000|100%|HC|  |TAMS 0x000000008c200000, 0x000000008c200000| Complete 
|  32|0x000000008c200000, 0x000000008c300000, 0x000000008c300000|100%|HC|  |TAMS 0x000000008c300000, 0x000000008c300000| Complete 
|  33|0x000000008c300000, 0x000000008c400000, 0x000000008c400000|100%|HC|  |TAMS 0x000000008c400000, 0x000000008c400000| Complete 
|  34|0x000000008c400000, 0x000000008c500000, 0x000000008c500000|100%|HC|  |TAMS 0x000000008c500000, 0x000000008c500000| Complete 
|  35|0x000000008c500000, 0x000000008c600000, 0x000000008c600000|100%|HS|  |TAMS 0x000000008c600000, 0x000000008c600000| Complete 
|  36|0x000000008c600000, 0x000000008c700000, 0x000000008c700000|100%|HC|  |TAMS 0x000000008c700000, 0x000000008c700000| Complete 
|  37|0x000000008c700000, 0x000000008c800000, 0x000000008c800000|100%|HC|  |TAMS 0x000000008c800000, 0x000000008c800000| Complete 
|  38|0x000000008c800000, 0x000000008c900000, 0x000000008c900000|100%|HC|  |TAMS 0x000000008c900000, 0x000000008c900000| Complete 
|  39|0x000000008c900000, 0x000000008ca00000, 0x000000008ca00000|100%|HC|  |TAMS 0x000000008ca00000, 0x000000008ca00000| Complete 
|  40|0x000000008ca00000, 0x000000008cb00000, 0x000000008cb00000|100%|HC|  |TAMS 0x000000008cb00000, 0x000000008cb00000| Complete 
|  41|0x000000008cb00000, 0x000000008cc00000, 0x000000008cc00000|100%|HC|  |TAMS 0x000000008cc00000, 0x000000008cc00000| Complete 
|  42|0x000000008cc00000, 0x000000008cd00000, 0x000000008cd00000|100%|HC|  |TAMS 0x000000008cd00000, 0x000000008cd00000| Complete 
|  43|0x000000008cd00000, 0x000000008ce00000, 0x000000008ce00000|100%|HS|  |TAMS 0x000000008ce00000, 0x000000008ce00000| Complete 
|  44|0x000000008ce00000, 0x000000008cf00000, 0x000000008cf00000|100%|HC|  |TAMS 0x000000008cf00000, 0x000000008cf00000| Complete 
|  45|0x000000008cf00000, 0x000000008d000000, 0x000000008d000000|100%|HC|  |TAMS 0x000000008d000000, 0x000000008d000000| Complete 
|  46|0x000000008d000000, 0x000000008d100000, 0x000000008d100000|100%|HC|  |TAMS 0x000000008d100000, 0x000000008d100000| Complete 
|  47|0x000000008d100000, 0x000000008d200000, 0x000000008d200000|100%|HC|  |TAMS 0x000000008d200000, 0x000000008d200000| Complete 
|  48|0x000000008d200000, 0x000000008d300000, 0x000000008d300000|100%|HC|  |TAMS 0x000000008d300000, 0x000000008d300000| Complete 
|  49|0x000000008d300000, 0x000000008d400000, 0x000000008d400000|100%|HC|  |TAMS 0x000000008d400000, 0x000000008d400000| Complete 
|  50|0x000000008d400000, 0x000000008d500000, 0x000000008d500000|100%|HC|  |TAMS 0x000000008d500000, 0x000000008d500000| Complete 
|  51|0x000000008d500000, 0x000000008d600000, 0x000000008d600000|100%|HS|  |TAMS 0x000000008d600000, 0x000000008d600000| Complete 
|  52|0x000000008d600000, 0x000000008d700000, 0x000000008d700000|100%|HC|  |TAMS 0x000000008d700000, 0x000000008d700000| Complete 
|  53|0x000000008d700000, 0x000000008d800000, 0x000000008d800000|100%|HC|  |TAMS 0x000000008d800000, 0x000000008d800000| Complete 
|  54|0x000000008d800000, 0x000000008d900000, 0x000000008d900000|100%|HC|  |TAMS 0x000000008d900000, 0x000000008d900000| Complete 
|  55|0x000000008d900000, 0x000000008da00000, 0x000000008da00000|100%|HC|  |TAMS 0x000000008da00000, 0x000000008da00000| Complete 
|  56|0x000000008da00000, 0x000000008db00000, 0x000000008db00000|100%|HC|  |TAMS 0x000000008db00000, 0x000000008db00000| Complete 
|  57|0x000000008db00000, 0x000000008dc00000, 0x000000008dc00000|100%|HC|  |TAMS 0x000000008dc00000, 0x000000008dc00000| Complete 
|  58|0x000000008dc00000, 0x000000008dd00000, 0x000000008dd00000|100%|HC|  |TAMS 0x000000008dd00000, 0x000000008dd00000| Complete 
|  59|0x000000008dd00000, 0x000000008de00000, 0x000000008de00000|100%|HS|  |TAMS 0x000000008de00000, 0x000000008de00000| Complete 
|  60|0x000000008de00000, 0x000000008df00000, 0x000000008df00000|100%|HC|  |TAMS 0x000000008df00000, 0x000000008df00000| Complete 
|  61|0x000000008df00000, 0x000000008e000000, 0x000000008e000000|100%|HC|  |TAMS 0x000000008e000000, 0x000000008e000000| Complete 
|  62|0x000000008e000000, 0x000000008e100000, 0x000000008e100000|100%|HC|  |TAMS 0x000000008e100000, 0x000000008e100000| Complete 
|  63|0x000000008e100000, 0x000000008e200000, 0x000000008e200000|100%|HC|  |TAMS 0x000000008e200000, 0x000000008e200000| Complete 
|  64|0x000000008e200000, 0x000000008e300000, 0x000000008e300000|100%|HC|  |TAMS 0x000000008e300000, 0x000000008e300000| Complete 
|  65|0x000000008e300000, 0x000000008e400000, 0x000000008e400000|100%|HC|  |TAMS 0x000000008e400000, 0x000000008e400000| Complete 
|  66|0x000000008e400000, 0x000000008e500000, 0x000000008e500000|100%|HC|  |TAMS 0x000000008e500000, 0x000000008e500000| Complete 
|  67|0x000000008e500000, 0x000000008e600000, 0x000000008e600000|100%|HS|  |TAMS 0x000000008e600000, 0x000000008e600000| Complete 
|  68|0x000000008e600000, 0x000000008e700000, 0x000000008e700000|100%|HC|  |TAMS 0x000000008e700000, 0x000000008e700000| Complete 
|  69|0x000000008e700000, 0x000000008e800000, 0x000000008e800000|100%|HC|  |TAMS 0x000000008e800000, 0x000000008e800000| Complete 
|  70|0x000000008e800000, 0x000000008e900000, 0x000000008e900000|100%|HC|  |TAMS 0x000000008e900000, 0x000000008e900000| Complete 
|  71|0x000000008e900000, 0x000000008ea00000, 0x000000008ea00000|100%|HC|  |TAMS 0x000000008ea00000, 0x000000008ea00000| Complete 
|  72|0x000000008ea00000, 0x000000008eb00000, 0x000000008eb00000|100%|HC|  |TAMS 0x000000008eb00000, 0x000000008eb00000| Complete 
|  73|0x000000008eb00000, 0x000000008ec00000, 0x000000008ec00000|100%|HC|  |TAMS 0x000000008ec00000, 0x000000008ec00000| Complete 
|  74|0x000000008ec00000, 0x000000008ed00000, 0x000000008ed00000|100%|HC|  |TAMS 0x000000008ed00000, 0x000000008ed00000| Complete 
|  75|0x000000008ed00000, 0x000000008ee00000, 0x000000008ee00000|100%|HS|  |TAMS 0x000000008ee00000, 0x000000008ee00000| Complete 
|  76|0x000000008ee00000, 0x000000008ef00000, 0x000000008ef00000|100%|HC|  |TAMS 0x000000008ef00000, 0x000000008ef00000| Complete 
|  77|0x000000008ef00000, 0x000000008f000000, 0x000000008f000000|100%|HC|  |TAMS 0x000000008f000000, 0x000000008f000000| Complete 
|  78|0x000000008f000000, 0x000000008f100000, 0x000000008f100000|100%|HC|  |TAMS 0x000000008f100000, 0x000000008f100000| Complete 
|  79|0x000000008f100000, 0x000000008f200000, 0x000000008f200000|100%|HC|  |TAMS 0x000000008f200000, 0x000000008f200000| Complete 
|  80|0x000000008f200000, 0x000000008f300000, 0x000000008f300000|100%|HC|  |TAMS 0x000000008f300000, 0x000000008f300000| Complete 
|  81|0x000000008f300000, 0x000000008f400000, 0x000000008f400000|100%|HC|  |TAMS 0x000000008f400000, 0x000000008f400000| Complete 
|  82|0x000000008f400000, 0x000000008f500000, 0x000000008f500000|100%|HC|  |TAMS 0x000000008f500000, 0x000000008f500000| Complete 
|  83|0x000000008f500000, 0x000000008f600000, 0x000000008f600000|100%|HS|  |TAMS 0x000000008f600000, 0x000000008f600000| Complete 
|  84|0x000000008f600000, 0x000000008f700000, 0x000000008f700000|100%|HC|  |TAMS 0x000000008f700000, 0x000000008f700000| Complete 
|  85|0x000000008f700000, 0x000000008f800000, 0x000000008f800000|100%|HC|  |TAMS 0x000000008f800000, 0x000000008f800000| Complete 
|  86|0x000000008f800000, 0x000000008f900000, 0x000000008f900000|100%|HC|  |TAMS 0x000000008f900000, 0x000000008f900000| Complete 
|  87|0x000000008f900000, 0x000000008fa00000, 0x000000008fa00000|100%|HC|  |TAMS 0x000000008fa00000, 0x000000008fa00000| Complete 
|  88|0x000000008fa00000, 0x000000008fb00000, 0x000000008fb00000|100%|HC|  |TAMS 0x000000008fb00000, 0x000000008fb00000| Complete 
|  89|0x000000008fb00000, 0x000000008fc00000, 0x000000008fc00000|100%|HC|  |TAMS 0x000000008fc00000, 0x000000008fc00000| Complete 
|  90|0x000000008fc00000, 0x000000008fd00000, 0x000000008fd00000|100%|HC|  |TAMS 0x000000008fd00000, 0x000000008fd00000| Complete 
|  91|0x000000008fd00000, 0x000000008fe00000, 0x000000008fe00000|100%|HS|  |TAMS 0x000000008fe00000, 0x000000008fe00000| Complete 
|  92|0x000000008fe00000, 0x000000008ff00000, 0x000000008ff00000|100%|HC|  |TAMS 0x000000008ff00000, 0x000000008ff00000| Complete 
|  93|0x000000008ff00000, 0x0000000090000000, 0x0000000090000000|100%|HC|  |TAMS 0x0000000090000000, 0x0000000090000000| Complete 
|  94|0x0000000090000000, 0x0000000090100000, 0x0000000090100000|100%|HC|  |TAMS 0x0000000090100000, 0x0000000090100000| Complete 
|  95|0x0000000090100000, 0x0000000090200000, 0x0000000090200000|100%|HC|  |TAMS 0x0000000090200000, 0x0000000090200000| Complete 
|  96|0x0000000090200000, 0x0000000090300000, 0x0000000090300000|100%|HC|  |TAMS 0x0000000090300000, 0x0000000090300000| Complete 
|  97|0x0000000090300000, 0x0000000090400000, 0x0000000090400000|100%|HC|  |TAMS 0x0000000090400000, 0x0000000090400000| Complete 
|  98|0x0000000090400000, 0x0000000090500000, 0x0000000090500000|100%|HC|  |TAMS 0x0000000090500000, 0x0000000090500000| Complete 
|  99|0x0000000090500000, 0x0000000090600000, 0x0000000090600000|100%|HS|  |TAMS 0x0000000090600000, 0x0000000090600000| Complete 
| 100|0x0000000090600000, 0x0000000090700000, 0x0000000090700000|100%|HC|  |TAMS 0x0000000090700000, 0x0000000090700000| Complete 
| 101|0x0000000090700000, 0x0000000090800000, 0x0000000090800000|100%|HC|  |TAMS 0x0000000090800000, 0x0000000090800000| Complete 
| 102|0x0000000090800000, 0x0000000090900000, 0x0000000090900000|100%|HC|  |TAMS 0x0000000090900000, 0x0000000090900000| Complete 
| 103|0x0000000090900000, 0x0000000090a00000, 0x0000000090a00000|100%|HC|  |TAMS 0x0000000090a00000, 0x0000000090a00000| Complete 
| 104|0x0000000090a00000, 0x0000000090b00000, 0x0000000090b00000|100%|HC|  |TAMS 0x0000000090b00000, 0x0000000090b00000| Complete 
| 105|0x0000000090b00000, 0x0000000090c00000, 0x0000000090c00000|100%|HC|  |TAMS 0x0000000090c00000, 0x0000000090c00000| Complete 
| 106|0x0000000090c00000, 0x0000000090d00000, 0x0000000090d00000|100%|HC|  |TAMS 0x0000000090d00000, 0x0000000090d00000| Complete 
| 107|0x0000000090d00000, 0x0000000090e00000, 0x0000000090e00000|100%|HS|  |TAMS 0x0000000090e00000, 0x0000000090e00000| Complete 
| 108|0x0000000090e00000, 0x0000000090f00000, 0x0000000090f00000|100%|HC|  |TAMS 0x0000000090f00000, 0x0000000090f00000| Complete 
| 109|0x0000000090f00000, 0x0000000091000000, 0x0000000091000000|100%|HC|  |TAMS 0x0000000091000000, 0x0000000091000000| Complete 
| 110|0x0000000091000000, 0x0000000091100000, 0x0000000091100000|100%|HC|  |TAMS 0x0000000091100000, 0x0000000091100000| Complete 
| 111|0x0000000091100000, 0x0000000091200000, 0x0000000091200000|100%|HC|  |TAMS 0x0000000091200000, 0x0000000091200000| Complete 
| 112|0x0000000091200000, 0x0000000091300000, 0x0000000091300000|100%|HC|  |TAMS 0x0000000091300000, 0x0000000091300000| Complete 
| 113|0x0000000091300000, 0x0000000091400000, 0x0000000091400000|100%|HC|  |TAMS 0x0000000091400000, 0x0000000091400000| Complete 
| 114|0x0000000091400000, 0x0000000091500000, 0x0000000091500000|100%|HC|  |TAMS 0x0000000091500000, 0x0000000091500000| Complete 
| 115|0x0000000091500000, 0x0000000091600000, 0x0000000091600000|100%|HS|  |TAMS 0x0000000091600000, 0x0000000091600000| Complete 
| 116|0x0000000091600000, 0x0000000091700000, 0x0000000091700000|100%|HC|  |TAMS 0x0000000091700000, 0x0000000091700000| Complete 
| 117|0x0000000091700000, 0x0000000091800000, 0x0000000091800000|100%|HC|  |TAMS 0x0000000091800000, 0x0000000091800000| Complete 
| 118|0x0000000091800000, 0x0000000091900000, 0x0000000091900000|100%|HC|  |TAMS 0x0000000091900000, 0x0000000091900000| Complete 
| 119|0x0000000091900000, 0x0000000091a00000, 0x0000000091a00000|100%|HC|  |TAMS 0x0000000091a00000, 0x0000000091a00000| Complete 
| 120|0x0000000091a00000, 0x0000000091b00000, 0x0000000091b00000|100%|HC|  |TAMS 0x0000000091b00000, 0x0000000091b00000| Complete 
| 121|0x0000000091b00000, 0x0000000091c00000, 0x0000000091c00000|100%|HC|  |TAMS 0x0000000091c00000, 0x0000000091c00000| Complete 
| 122|0x0000000091c00000, 0x0000000091d00000, 0x0000000091d00000|100%|HC|  |TAMS 0x0000000091d00000, 0x0000000091d00000| Complete 
| 123|0x0000000091d00000, 0x0000000091e00000, 0x0000000091e00000|100%|HS|  |TAMS 0x0000000091e00000, 0x0000000091e00000| Complete 
| 124|0x0000000091e00000, 0x0000000091f00000, 0x0000000091f00000|100%|HC|  |TAMS 0x0000000091f00000, 0x0000000091f00000| Complete 
| 125|0x0000000091f00000, 0x0000000092000000, 0x0000000092000000|100%|HC|  |TAMS 0x0000000092000000, 0x0000000092000000| Complete 
| 126|0x0000000092000000, 0x0000000092100000, 0x0000000092100000|100%|HC|  |TAMS 0x0000000092100000, 0x0000000092100000| Complete 
| 127|0x0000000092100000, 0x0000000092200000, 0x0000000092200000|100%|HC|  |TAMS 0x0000000092200000, 0x0000000092200000| Complete 
| 128|0x0000000092200000, 0x0000000092300000, 0x0000000092300000|100%|HC|  |TAMS 0x0000000092300000, 0x0000000092300000| Complete 
| 129|0x0000000092300000, 0x0000000092400000, 0x0000000092400000|100%|HC|  |TAMS 0x0000000092400000, 0x0000000092400000| Complete 
| 130|0x0000000092400000, 0x0000000092500000, 0x0000000092500000|100%|HC|  |TAMS 0x0000000092500000, 0x0000000092500000| Complete 
| 131|0x0000000092500000, 0x0000000092600000, 0x0000000092600000|100%|HS|  |TAMS 0x0000000092600000, 0x0000000092600000| Complete 
| 132|0x0000000092600000, 0x0000000092700000, 0x0000000092700000|100%|HC|  |TAMS 0x0000000092700000, 0x0000000092700000| Complete 
| 133|0x0000000092700000, 0x0000000092800000, 0x0000000092800000|100%|HC|  |TAMS 0x0000000092800000, 0x0000000092800000| Complete 
| 134|0x0000000092800000, 0x0000000092900000, 0x0000000092900000|100%|HC|  |TAMS 0x0000000092900000, 0x0000000092900000| Complete 
| 135|0x0000000092900000, 0x0000000092a00000, 0x0000000092a00000|100%|HC|  |TAMS 0x0000000092a00000, 0x0000000092a00000| Complete 
| 136|0x0000000092a00000, 0x0000000092b00000, 0x0000000092b00000|100%|HC|  |TAMS 0x0000000092b00000, 0x0000000092b00000| Complete 
| 137|0x0000000092b00000, 0x0000000092c00000, 0x0000000092c00000|100%|HC|  |TAMS 0x0000000092c00000, 0x0000000092c00000| Complete 
| 138|0x0000000092c00000, 0x0000000092d00000, 0x0000000092d00000|100%|HC|  |TAMS 0x0000000092d00000, 0x0000000092d00000| Complete 
| 139|0x0000000092d00000, 0x0000000092e00000, 0x0000000092e00000|100%|HS|  |TAMS 0x0000000092e00000, 0x0000000092e00000| Complete 
| 140|0x0000000092e00000, 0x0000000092f00000, 0x0000000092f00000|100%|HC|  |TAMS 0x0000000092f00000, 0x0000000092f00000| Complete 
| 141|0x0000000092f00000, 0x0000000093000000, 0x0000000093000000|100%|HC|  |TAMS 0x0000000093000000, 0x0000000093000000| Complete 
| 142|0x0000000093000000, 0x0000000093100000, 0x0000000093100000|100%|HC|  |TAMS 0x0000000093100000, 0x0000000093100000| Complete 
| 143|0x0000000093100000, 0x0000000093200000, 0x0000000093200000|100%|HC|  |TAMS 0x0000000093200000, 0x0000000093200000| Complete 
| 144|0x0000000093200000, 0x0000000093300000, 0x0000000093300000|100%|HC|  |TAMS 0x0000000093300000, 0x0000000093300000| Complete 
| 145|0x0000000093300000, 0x0000000093400000, 0x0000000093400000|100%|HC|  |TAMS 0x0000000093400000, 0x0000000093400000| Complete 
| 146|0x0000000093400000, 0x0000000093500000, 0x0000000093500000|100%|HC|  |TAMS 0x0000000093500000, 0x0000000093500000| Complete 
| 147|0x0000000093500000, 0x0000000093600000, 0x0000000093600000|100%|HS|  |TAMS 0x0000000093600000, 0x0000000093600000| Complete 
| 148|0x0000000093600000, 0x0000000093700000, 0x0000000093700000|100%|HC|  |TAMS 0x0000000093700000, 0x0000000093700000| Complete 
| 149|0x0000000093700000, 0x0000000093800000, 0x0000000093800000|100%|HC|  |TAMS 0x0000000093800000, 0x0000000093800000| Complete 
| 150|0x0000000093800000, 0x0000000093900000, 0x0000000093900000|100%|HC|  |TAMS 0x0000000093900000, 0x0000000093900000| Complete 
| 151|0x0000000093900000, 0x0000000093a00000, 0x0000000093a00000|100%|HC|  |TAMS 0x0000000093a00000, 0x0000000093a00000| Complete 
| 152|0x0000000093a00000, 0x0000000093b00000, 0x0000000093b00000|100%|HC|  |TAMS 0x0000000093b00000, 0x0000000093b00000| Complete 
| 153|0x0000000093b00000, 0x0000000093c00000, 0x0000000093c00000|100%|HC|  |TAMS 0x0000000093c00000, 0x0000000093c00000| Complete 
| 154|0x0000000093c00000, 0x0000000093d00000, 0x0000000093d00000|100%|HC|  |TAMS 0x0000000093d00000, 0x0000000093d00000| Complete 
| 155|0x0000000093d00000, 0x0000000093e00000, 0x0000000093e00000|100%|HS|  |TAMS 0x0000000093e00000, 0x0000000093e00000| Complete 
| 156|0x0000000093e00000, 0x0000000093f00000, 0x0000000093f00000|100%|HC|  |TAMS 0x0000000093f00000, 0x0000000093f00000| Complete 
| 157|0x0000000093f00000, 0x0000000094000000, 0x0000000094000000|100%|HC|  |TAMS 0x0000000094000000, 0x0000000094000000| Complete 
| 158|0x0000000094000000, 0x0000000094100000, 0x0000000094100000|100%|HC|  |TAMS 0x0000000094100000, 0x0000000094100000| Complete 
| 159|0x0000000094100000, 0x0000000094200000, 0x0000000094200000|100%|HC|  |TAMS 0x0000000094200000, 0x0000000094200000| Complete 
| 160|0x0000000094200000, 0x0000000094300000, 0x0000000094300000|100%|HC|  |TAMS 0x0000000094300000, 0x0000000094300000| Complete 
| 161|0x0000000094300000, 0x0000000094400000, 0x0000000094400000|100%|HC|  |TAMS 0x0000000094400000, 0x0000000094400000| Complete 
| 162|0x0000000094400000, 0x0000000094500000, 0x0000000094500000|100%|HC|  |TAMS 0x0000000094500000, 0x0000000094500000| Complete 
| 163|0x0000000094500000, 0x0000000094600000, 0x0000000094600000|100%|HS|  |TAMS 0x0000000094600000, 0x0000000094600000| Complete 
| 164|0x0000000094600000, 0x0000000094700000, 0x0000000094700000|100%|HC|  |TAMS 0x0000000094700000, 0x0000000094700000| Complete 
| 165|0x0000000094700000, 0x0000000094800000, 0x0000000094800000|100%|HC|  |TAMS 0x0000000094800000, 0x0000000094800000| Complete 
| 166|0x0000000094800000, 0x0000000094900000, 0x0000000094900000|100%|HC|  |TAMS 0x0000000094900000, 0x0000000094900000| Complete 
| 167|0x0000000094900000, 0x0000000094a00000, 0x0000000094a00000|100%|HC|  |TAMS 0x0000000094a00000, 0x0000000094a00000| Complete 
| 168|0x0000000094a00000, 0x0000000094b00000, 0x0000000094b00000|100%|HC|  |TAMS 0x0000000094b00000, 0x0000000094b00000| Complete 
| 169|0x0000000094b00000, 0x0000000094c00000, 0x0000000094c00000|100%|HC|  |TAMS 0x0000000094c00000, 0x0000000094c00000| Complete 
| 170|0x0000000094c00000, 0x0000000094d00000, 0x0000000094d00000|100%|HC|  |TAMS 0x0000000094d00000, 0x0000000094d00000| Complete 
| 171|0x0000000094d00000, 0x0000000094e00000, 0x0000000094e00000|100%|HS|  |TAMS 0x0000000094e00000, 0x0000000094e00000| Complete 
| 172|0x0000000094e00000, 0x0000000094f00000, 0x0000000094f00000|100%|HC|  |TAMS 0x0000000094f00000, 0x0000000094f00000| Complete 
| 173|0x0000000094f00000, 0x0000000095000000, 0x0000000095000000|100%|HC|  |TAMS 0x0000000095000000, 0x0000000095000000| Complete 
| 174|0x0000000095000000, 0x0000000095100000, 0x0000000095100000|100%|HC|  |TAMS 0x0000000095100000, 0x0000000095100000| Complete 
| 175|0x0000000095100000, 0x0000000095200000, 0x0000000095200000|100%|HC|  |TAMS 0x0000000095200000, 0x0000000095200000| Complete 
| 176|0x0000000095200000, 0x0000000095300000, 0x0000000095300000|100%|HC|  |TAMS 0x0000000095300000, 0x0000000095300000| Complete 
| 177|0x0000000095300000, 0x0000000095400000, 0x0000000095400000|100%|HC|  |TAMS 0x0000000095400000, 0x0000000095400000| Complete 
| 178|0x0000000095400000, 0x0000000095500000, 0x0000000095500000|100%|HC|  |TAMS 0x0000000095500000, 0x0000000095500000| Complete 
| 179|0x0000000095500000, 0x0000000095600000, 0x0000000095600000|100%|HS|  |TAMS 0x0000000095500000, 0x0000000095600000| Complete 
| 180|0x0000000095600000, 0x0000000095700000, 0x0000000095700000|100%|HC|  |TAMS 0x0000000095600000, 0x0000000095700000| Complete 
| 181|0x0000000095700000, 0x0000000095800000, 0x0000000095800000|100%|HC|  |TAMS 0x0000000095700000, 0x0000000095800000| Complete 
| 182|0x0000000095800000, 0x0000000095900000, 0x0000000095900000|100%|HC|  |TAMS 0x0000000095800000, 0x0000000095900000| Complete 
| 183|0x0000000095900000, 0x0000000095a00000, 0x0000000095a00000|100%|HC|  |TAMS 0x0000000095900000, 0x0000000095a00000| Complete 
| 184|0x0000000095a00000, 0x0000000095b00000, 0x0000000095b00000|100%|HC|  |TAMS 0x0000000095a00000, 0x0000000095b00000| Complete 
| 185|0x0000000095b00000, 0x0000000095c00000, 0x0000000095c00000|100%|HC|  |TAMS 0x0000000095b00000, 0x0000000095c00000| Complete 
| 186|0x0000000095c00000, 0x0000000095d00000, 0x0000000095d00000|100%|HC|  |TAMS 0x0000000095c00000, 0x0000000095d00000| Complete 
| 187|0x0000000095d00000, 0x0000000095d00000, 0x0000000095e00000|  0%| F|  |TAMS 0x0000000095d00000, 0x0000000095d00000| Untracked 
| 188|0x0000000095e00000, 0x0000000095e00000, 0x0000000095f00000|  0%| F|  |TAMS 0x0000000095e00000, 0x0000000095e00000| Untracked 
| 189|0x0000000095f00000, 0x0000000095f00000, 0x0000000096000000|  0%| F|  |TAMS 0x0000000095f00000, 0x0000000095f00000| Untracked 
| 190|0x0000000096000000, 0x0000000096000000, 0x0000000096100000|  0%| F|  |TAMS 0x0000000096000000, 0x0000000096000000| Untracked 
| 191|0x0000000096100000, 0x0000000096100000, 0x0000000096200000|  0%| F|  |TAMS 0x0000000096100000, 0x0000000096100000| Untracked 
| 192|0x0000000096200000, 0x0000000096200000, 0x0000000096300000|  0%| F|  |TAMS 0x0000000096200000, 0x0000000096200000| Untracked 
| 193|0x0000000096300000, 0x0000000096300000, 0x0000000096400000|  0%| F|  |TAMS 0x0000000096300000, 0x0000000096300000| Untracked 
| 194|0x0000000096400000, 0x0000000096400000, 0x0000000096500000|  0%| F|  |TAMS 0x0000000096400000, 0x0000000096400000| Untracked 
| 195|0x0000000096500000, 0x0000000096500000, 0x0000000096600000|  0%| F|  |TAMS 0x0000000096500000, 0x0000000096500000| Untracked 
| 196|0x0000000096600000, 0x0000000096600000, 0x0000000096700000|  0%| F|  |TAMS 0x0000000096600000, 0x0000000096600000| Untracked 
| 197|0x0000000096700000, 0x0000000096700000, 0x0000000096800000|  0%| F|  |TAMS 0x0000000096700000, 0x0000000096700000| Untracked 
| 198|0x0000000096800000, 0x0000000096800000, 0x0000000096900000|  0%| F|  |TAMS 0x0000000096800000, 0x0000000096800000| Untracked 
| 199|0x0000000096900000, 0x0000000096900000, 0x0000000096a00000|  0%| F|  |TAMS 0x0000000096900000, 0x0000000096900000| Untracked 
| 200|0x0000000096a00000, 0x0000000096a00000, 0x0000000096b00000|  0%| F|  |TAMS 0x0000000096a00000, 0x0000000096a00000| Untracked 
| 201|0x0000000096b00000, 0x0000000096b00000, 0x0000000096c00000|  0%| F|  |TAMS 0x0000000096b00000, 0x0000000096b00000| Untracked 
| 202|0x0000000096c00000, 0x0000000096c00000, 0x0000000096d00000|  0%| F|  |TAMS 0x0000000096c00000, 0x0000000096c00000| Untracked 
| 203|0x0000000096d00000, 0x0000000096d00000, 0x0000000096e00000|  0%| F|  |TAMS 0x0000000096d00000, 0x0000000096d00000| Untracked 
| 204|0x0000000096e00000, 0x0000000096e00000, 0x0000000096f00000|  0%| F|  |TAMS 0x0000000096e00000, 0x0000000096e00000| Untracked 
| 205|0x0000000096f00000, 0x0000000096f00000, 0x0000000097000000|  0%| F|  |TAMS 0x0000000096f00000, 0x0000000096f00000| Untracked 
| 206|0x0000000097000000, 0x0000000097000000, 0x0000000097100000|  0%| F|  |TAMS 0x0000000097000000, 0x0000000097000000| Untracked 
| 207|0x0000000097100000, 0x0000000097100000, 0x0000000097200000|  0%| F|  |TAMS 0x0000000097100000, 0x0000000097100000| Untracked 
| 208|0x0000000097200000, 0x0000000097200000, 0x0000000097300000|  0%| F|  |TAMS 0x0000000097200000, 0x0000000097200000| Untracked 
| 209|0x0000000097300000, 0x0000000097300000, 0x0000000097400000|  0%| F|  |TAMS 0x0000000097300000, 0x0000000097300000| Untracked 
| 210|0x0000000097400000, 0x0000000097400000, 0x0000000097500000|  0%| F|  |TAMS 0x0000000097400000, 0x0000000097400000| Untracked 
| 211|0x0000000097500000, 0x0000000097500000, 0x0000000097600000|  0%| F|  |TAMS 0x0000000097500000, 0x0000000097500000| Untracked 
| 212|0x0000000097600000, 0x0000000097600000, 0x0000000097700000|  0%| F|  |TAMS 0x0000000097600000, 0x0000000097600000| Untracked 
| 213|0x0000000097700000, 0x0000000097700000, 0x0000000097800000|  0%| F|  |TAMS 0x0000000097700000, 0x0000000097700000| Untracked 
| 214|0x0000000097800000, 0x0000000097800000, 0x0000000097900000|  0%| F|  |TAMS 0x0000000097800000, 0x0000000097800000| Untracked 
| 215|0x0000000097900000, 0x0000000097900000, 0x0000000097a00000|  0%| F|  |TAMS 0x0000000097900000, 0x0000000097900000| Untracked 
| 216|0x0000000097a00000, 0x0000000097a00000, 0x0000000097b00000|  0%| F|  |TAMS 0x0000000097a00000, 0x0000000097a00000| Untracked 
| 217|0x0000000097b00000, 0x0000000097b00000, 0x0000000097c00000|  0%| F|  |TAMS 0x0000000097b00000, 0x0000000097b00000| Untracked 
| 218|0x0000000097c00000, 0x0000000097c00000, 0x0000000097d00000|  0%| F|  |TAMS 0x0000000097c00000, 0x0000000097c00000| Untracked 
| 219|0x0000000097d00000, 0x0000000097d00000, 0x0000000097e00000|  0%| F|  |TAMS 0x0000000097d00000, 0x0000000097d00000| Untracked 
| 220|0x0000000097e00000, 0x0000000097e00000, 0x0000000097f00000|  0%| F|  |TAMS 0x0000000097e00000, 0x0000000097e00000| Untracked 
| 221|0x0000000097f00000, 0x0000000097f00000, 0x0000000098000000|  0%| F|  |TAMS 0x0000000097f00000, 0x0000000097f00000| Untracked 
| 222|0x0000000098000000, 0x0000000098000000, 0x0000000098100000|  0%| F|  |TAMS 0x0000000098000000, 0x0000000098000000| Untracked 
| 223|0x0000000098100000, 0x0000000098100000, 0x0000000098200000|  0%| F|  |TAMS 0x0000000098100000, 0x0000000098100000| Untracked 
| 224|0x0000000098200000, 0x0000000098200000, 0x0000000098300000|  0%| F|  |TAMS 0x0000000098200000, 0x0000000098200000| Untracked 
| 225|0x0000000098300000, 0x0000000098300000, 0x0000000098400000|  0%| F|  |TAMS 0x0000000098300000, 0x0000000098300000| Untracked 
| 226|0x0000000098400000, 0x0000000098400000, 0x0000000098500000|  0%| F|  |TAMS 0x0000000098400000, 0x0000000098400000| Untracked 
| 227|0x0000000098500000, 0x0000000098500000, 0x0000000098600000|  0%| F|  |TAMS 0x0000000098500000, 0x0000000098500000| Untracked 
| 228|0x0000000098600000, 0x0000000098600000, 0x0000000098700000|  0%| F|  |TAMS 0x0000000098600000, 0x0000000098600000| Untracked 
| 229|0x0000000098700000, 0x0000000098700000, 0x0000000098800000|  0%| F|  |TAMS 0x0000000098700000, 0x0000000098700000| Untracked 
| 230|0x0000000098800000, 0x0000000098800000, 0x0000000098900000|  0%| F|  |TAMS 0x0000000098800000, 0x0000000098800000| Untracked 
| 231|0x0000000098900000, 0x0000000098900000, 0x0000000098a00000|  0%| F|  |TAMS 0x0000000098900000, 0x0000000098900000| Untracked 
| 232|0x0000000098a00000, 0x0000000098a00000, 0x0000000098b00000|  0%| F|  |TAMS 0x0000000098a00000, 0x0000000098a00000| Untracked 
| 233|0x0000000098b00000, 0x0000000098b00000, 0x0000000098c00000|  0%| F|  |TAMS 0x0000000098b00000, 0x0000000098b00000| Untracked 
| 234|0x0000000098c00000, 0x0000000098c00000, 0x0000000098d00000|  0%| F|  |TAMS 0x0000000098c00000, 0x0000000098c00000| Untracked 
| 235|0x0000000098d00000, 0x0000000098d00000, 0x0000000098e00000|  0%| F|  |TAMS 0x0000000098d00000, 0x0000000098d00000| Untracked 
| 236|0x0000000098e00000, 0x0000000098e00000, 0x0000000098f00000|  0%| F|  |TAMS 0x0000000098e00000, 0x0000000098e00000| Untracked 
| 237|0x0000000098f00000, 0x0000000098f00000, 0x0000000099000000|  0%| F|  |TAMS 0x0000000098f00000, 0x0000000098f00000| Untracked 
| 238|0x0000000099000000, 0x0000000099000000, 0x0000000099100000|  0%| F|  |TAMS 0x0000000099000000, 0x0000000099000000| Untracked 
| 239|0x0000000099100000, 0x0000000099100000, 0x0000000099200000|  0%| F|  |TAMS 0x0000000099100000, 0x0000000099100000| Untracked 
| 240|0x0000000099200000, 0x0000000099200000, 0x0000000099300000|  0%| F|  |TAMS 0x0000000099200000, 0x0000000099200000| Untracked 
| 241|0x0000000099300000, 0x0000000099300000, 0x0000000099400000|  0%| F|  |TAMS 0x0000000099300000, 0x0000000099300000| Untracked 
| 242|0x0000000099400000, 0x0000000099400000, 0x0000000099500000|  0%| F|  |TAMS 0x0000000099400000, 0x0000000099400000| Untracked 
| 243|0x0000000099500000, 0x0000000099500000, 0x0000000099600000|  0%| F|  |TAMS 0x0000000099500000, 0x0000000099500000| Untracked 
| 244|0x0000000099600000, 0x0000000099600000, 0x0000000099700000|  0%| F|  |TAMS 0x0000000099600000, 0x0000000099600000| Untracked 
| 245|0x0000000099700000, 0x0000000099700000, 0x0000000099800000|  0%| F|  |TAMS 0x0000000099700000, 0x0000000099700000| Untracked 
| 246|0x0000000099800000, 0x0000000099800000, 0x0000000099900000|  0%| F|  |TAMS 0x0000000099800000, 0x0000000099800000| Untracked 
| 247|0x0000000099900000, 0x0000000099900000, 0x0000000099a00000|  0%| F|  |TAMS 0x0000000099900000, 0x0000000099900000| Untracked 
| 248|0x0000000099a00000, 0x0000000099a00000, 0x0000000099b00000|  0%| F|  |TAMS 0x0000000099a00000, 0x0000000099a00000| Untracked 
| 249|0x0000000099b00000, 0x0000000099b00000, 0x0000000099c00000|  0%| F|  |TAMS 0x0000000099b00000, 0x0000000099b00000| Untracked 
| 250|0x0000000099c00000, 0x0000000099c00000, 0x0000000099d00000|  0%| F|  |TAMS 0x0000000099c00000, 0x0000000099c00000| Untracked 
| 251|0x0000000099d00000, 0x0000000099d00000, 0x0000000099e00000|  0%| F|  |TAMS 0x0000000099d00000, 0x0000000099d00000| Untracked 
| 252|0x0000000099e00000, 0x0000000099e00000, 0x0000000099f00000|  0%| F|  |TAMS 0x0000000099e00000, 0x0000000099e00000| Untracked 
| 253|0x0000000099f00000, 0x0000000099f00000, 0x000000009a000000|  0%| F|  |TAMS 0x0000000099f00000, 0x0000000099f00000| Untracked 
| 254|0x000000009a000000, 0x000000009a000000, 0x000000009a100000|  0%| F|  |TAMS 0x000000009a000000, 0x000000009a000000| Untracked 
| 255|0x000000009a100000, 0x000000009a100000, 0x000000009a200000|  0%| F|  |TAMS 0x000000009a100000, 0x000000009a100000| Untracked 
| 256|0x000000009a200000, 0x000000009a200000, 0x000000009a300000|  0%| F|  |TAMS 0x000000009a200000, 0x000000009a200000| Untracked 
| 257|0x000000009a300000, 0x000000009a300000, 0x000000009a400000|  0%| F|  |TAMS 0x000000009a300000, 0x000000009a300000| Untracked 
| 258|0x000000009a400000, 0x000000009a400000, 0x000000009a500000|  0%| F|  |TAMS 0x000000009a400000, 0x000000009a400000| Untracked 
| 259|0x000000009a500000, 0x000000009a500000, 0x000000009a600000|  0%| F|  |TAMS 0x000000009a500000, 0x000000009a500000| Untracked 
| 260|0x000000009a600000, 0x000000009a600000, 0x000000009a700000|  0%| F|  |TAMS 0x000000009a600000, 0x000000009a600000| Untracked 
| 261|0x000000009a700000, 0x000000009a700000, 0x000000009a800000|  0%| F|  |TAMS 0x000000009a700000, 0x000000009a700000| Untracked 
| 262|0x000000009a800000, 0x000000009a800000, 0x000000009a900000|  0%| F|  |TAMS 0x000000009a800000, 0x000000009a800000| Untracked 
| 263|0x000000009a900000, 0x000000009a900000, 0x000000009aa00000|  0%| F|  |TAMS 0x000000009a900000, 0x000000009a900000| Untracked 
| 264|0x000000009aa00000, 0x000000009aa00000, 0x000000009ab00000|  0%| F|  |TAMS 0x000000009aa00000, 0x000000009aa00000| Untracked 
| 265|0x000000009ab00000, 0x000000009ab00000, 0x000000009ac00000|  0%| F|  |TAMS 0x000000009ab00000, 0x000000009ab00000| Untracked 
| 266|0x000000009ac00000, 0x000000009ac00000, 0x000000009ad00000|  0%| F|  |TAMS 0x000000009ac00000, 0x000000009ac00000| Untracked 
| 267|0x000000009ad00000, 0x000000009ad00000, 0x000000009ae00000|  0%| F|  |TAMS 0x000000009ad00000, 0x000000009ad00000| Untracked 
| 268|0x000000009ae00000, 0x000000009ae00000, 0x000000009af00000|  0%| F|  |TAMS 0x000000009ae00000, 0x000000009ae00000| Untracked 
| 269|0x000000009af00000, 0x000000009af00000, 0x000000009b000000|  0%| F|  |TAMS 0x000000009af00000, 0x000000009af00000| Untracked 
| 270|0x000000009b000000, 0x000000009b000000, 0x000000009b100000|  0%| F|  |TAMS 0x000000009b000000, 0x000000009b000000| Untracked 
| 271|0x000000009b100000, 0x000000009b100000, 0x000000009b200000|  0%| F|  |TAMS 0x000000009b100000, 0x000000009b100000| Untracked 
| 272|0x000000009b200000, 0x000000009b200000, 0x000000009b300000|  0%| F|  |TAMS 0x000000009b200000, 0x000000009b200000| Untracked 
| 273|0x000000009b300000, 0x000000009b300000, 0x000000009b400000|  0%| F|  |TAMS 0x000000009b300000, 0x000000009b300000| Untracked 
| 274|0x000000009b400000, 0x000000009b400000, 0x000000009b500000|  0%| F|  |TAMS 0x000000009b400000, 0x000000009b400000| Untracked 
| 275|0x000000009b500000, 0x000000009b500000, 0x000000009b600000|  0%| F|  |TAMS 0x000000009b500000, 0x000000009b500000| Untracked 
| 276|0x000000009b600000, 0x000000009b600000, 0x000000009b700000|  0%| F|  |TAMS 0x000000009b600000, 0x000000009b600000| Untracked 
| 277|0x000000009b700000, 0x000000009b700000, 0x000000009b800000|  0%| F|  |TAMS 0x000000009b700000, 0x000000009b700000| Untracked 
| 278|0x000000009b800000, 0x000000009b800000, 0x000000009b900000|  0%| F|  |TAMS 0x000000009b800000, 0x000000009b800000| Untracked 
| 279|0x000000009b900000, 0x000000009b900000, 0x000000009ba00000|  0%| F|  |TAMS 0x000000009b900000, 0x000000009b900000| Untracked 
| 280|0x000000009ba00000, 0x000000009ba00000, 0x000000009bb00000|  0%| F|  |TAMS 0x000000009ba00000, 0x000000009ba00000| Untracked 
| 281|0x000000009bb00000, 0x000000009bb00000, 0x000000009bc00000|  0%| F|  |TAMS 0x000000009bb00000, 0x000000009bb00000| Untracked 
| 282|0x000000009bc00000, 0x000000009bc00000, 0x000000009bd00000|  0%| F|  |TAMS 0x000000009bc00000, 0x000000009bc00000| Untracked 
| 283|0x000000009bd00000, 0x000000009bd00000, 0x000000009be00000|  0%| F|  |TAMS 0x000000009bd00000, 0x000000009bd00000| Untracked 
| 284|0x000000009be00000, 0x000000009be00000, 0x000000009bf00000|  0%| F|  |TAMS 0x000000009be00000, 0x000000009be00000| Untracked 
| 285|0x000000009bf00000, 0x000000009bf00000, 0x000000009c000000|  0%| F|  |TAMS 0x000000009bf00000, 0x000000009bf00000| Untracked 
| 286|0x000000009c000000, 0x000000009c000000, 0x000000009c100000|  0%| F|  |TAMS 0x000000009c000000, 0x000000009c000000| Untracked 
| 287|0x000000009c100000, 0x000000009c100000, 0x000000009c200000|  0%| F|  |TAMS 0x000000009c100000, 0x000000009c100000| Untracked 
| 288|0x000000009c200000, 0x000000009c200000, 0x000000009c300000|  0%| F|  |TAMS 0x000000009c200000, 0x000000009c200000| Untracked 
| 289|0x000000009c300000, 0x000000009c300000, 0x000000009c400000|  0%| F|  |TAMS 0x000000009c300000, 0x000000009c300000| Untracked 
| 290|0x000000009c400000, 0x000000009c400000, 0x000000009c500000|  0%| F|  |TAMS 0x000000009c400000, 0x000000009c400000| Untracked 
| 291|0x000000009c500000, 0x000000009c500000, 0x000000009c600000|  0%| F|  |TAMS 0x000000009c500000, 0x000000009c500000| Untracked 
| 292|0x000000009c600000, 0x000000009c600000, 0x000000009c700000|  0%| F|  |TAMS 0x000000009c600000, 0x000000009c600000| Untracked 
| 293|0x000000009c700000, 0x000000009c700000, 0x000000009c800000|  0%| F|  |TAMS 0x000000009c700000, 0x000000009c700000| Untracked 
| 294|0x000000009c800000, 0x000000009c800000, 0x000000009c900000|  0%| F|  |TAMS 0x000000009c800000, 0x000000009c800000| Untracked 
| 295|0x000000009c900000, 0x000000009c900000, 0x000000009ca00000|  0%| F|  |TAMS 0x000000009c900000, 0x000000009c900000| Untracked 
| 296|0x000000009ca00000, 0x000000009ca00000, 0x000000009cb00000|  0%| F|  |TAMS 0x000000009ca00000, 0x000000009ca00000| Untracked 
| 297|0x000000009cb00000, 0x000000009cb00000, 0x000000009cc00000|  0%| F|  |TAMS 0x000000009cb00000, 0x000000009cb00000| Untracked 
| 298|0x000000009cc00000, 0x000000009cc00000, 0x000000009cd00000|  0%| F|  |TAMS 0x000000009cc00000, 0x000000009cc00000| Untracked 
| 299|0x000000009cd00000, 0x000000009cd00000, 0x000000009ce00000|  0%| F|  |TAMS 0x000000009cd00000, 0x000000009cd00000| Untracked 
| 300|0x000000009ce00000, 0x000000009ce00000, 0x000000009cf00000|  0%| F|  |TAMS 0x000000009ce00000, 0x000000009ce00000| Untracked 
| 301|0x000000009cf00000, 0x000000009cf00000, 0x000000009d000000|  0%| F|  |TAMS 0x000000009cf00000, 0x000000009cf00000| Untracked 
| 302|0x000000009d000000, 0x000000009d000000, 0x000000009d100000|  0%| F|  |TAMS 0x000000009d000000, 0x000000009d000000| Untracked 
| 303|0x000000009d100000, 0x000000009d100000, 0x000000009d200000|  0%| F|  |TAMS 0x000000009d100000, 0x000000009d100000| Untracked 
| 304|0x000000009d200000, 0x000000009d200000, 0x000000009d300000|  0%| F|  |TAMS 0x000000009d200000, 0x000000009d200000| Untracked 
| 305|0x000000009d300000, 0x000000009d300000, 0x000000009d400000|  0%| F|  |TAMS 0x000000009d300000, 0x000000009d300000| Untracked 
| 306|0x000000009d400000, 0x000000009d400000, 0x000000009d500000|  0%| F|  |TAMS 0x000000009d400000, 0x000000009d400000| Untracked 
| 307|0x000000009d500000, 0x000000009d500000, 0x000000009d600000|  0%| F|  |TAMS 0x000000009d500000, 0x000000009d500000| Untracked 
| 308|0x000000009d600000, 0x000000009d600000, 0x000000009d700000|  0%| F|  |TAMS 0x000000009d600000, 0x000000009d600000| Untracked 
| 309|0x000000009d700000, 0x000000009d700000, 0x000000009d800000|  0%| F|  |TAMS 0x000000009d700000, 0x000000009d700000| Untracked 
| 310|0x000000009d800000, 0x000000009d803930, 0x000000009d900000|  1%| S|CS|TAMS 0x000000009d800000, 0x000000009d800000| Complete 
| 311|0x000000009d900000, 0x000000009d900000, 0x000000009da00000|  0%| F|  |TAMS 0x000000009d900000, 0x000000009d900000| Untracked 

Card table byte_map: [0x000002a0edcc0000,0x000002a0ee070000] _byte_map_base: 0x000002a0ed86f000

Marking Bits (Prev, Next): (CMBitMap*) 0x000002a0d6fb18c0, (CMBitMap*) 0x000002a0d6fb1900
 Prev Bits: [0x000002a0ee420000, 0x000002a0f0198000)
 Next Bits: [0x000002a0f01a0000, 0x000002a0f1f18000)

Polling page: 0x000002a0d4ec0000

Metaspace:

Usage:
  Non-class:      4.20 MB used.
      Class:    463.27 KB used.
       Both:      4.66 MB used.

Virtual space:
  Non-class space:       64.00 MB reserved,       4.31 MB (  7%) committed,  1 nodes.
      Class space:        1.00 GB reserved,     512.00 KB ( <1%) committed,  1 nodes.
             Both:        1.06 GB reserved,       4.81 MB ( <1%) committed. 

Chunk freelists:
   Non-Class:  10.90 MB
       Class:  15.52 MB
        Both:  26.42 MB

MaxMetaspaceSize: unlimited
CompressedClassSpaceSize: 1.00 GB
Initial GC threshold: 21.00 MB
Current GC threshold: 21.00 MB
CDS: on
MetaspaceReclaimPolicy: balanced
 - commit_granule_bytes: 65536.
 - commit_granule_words: 8192.
 - virtual_space_node_default_size: 8388608.
 - enlarge_chunks_in_place: 1.
 - new_chunks_are_fully_committed: 0.
 - uncommit_free_chunks: 1.
 - use_allocation_guard: 0.
 - handle_deallocations: 1.


Internal statistics:

num_allocs_failed_limit: 0.
num_arena_births: 84.
num_arena_deaths: 0.
num_vsnodes_births: 2.
num_vsnodes_deaths: 0.
num_space_committed: 77.
num_space_uncommitted: 0.
num_chunks_returned_to_freelist: 0.
num_chunks_taken_from_freelist: 103.
num_chunk_merges: 0.
num_chunk_splits: 63.
num_chunks_enlarged: 29.
num_inconsistent_stats: 0.

CodeHeap 'non-profiled nmethods': size=120000Kb used=344Kb max_used=344Kb free=119655Kb
 bounds [0x000002a0e62d0000, 0x000002a0e6540000, 0x000002a0ed800000]
CodeHeap 'profiled nmethods': size=120000Kb used=1041Kb max_used=1041Kb free=118958Kb
 bounds [0x000002a0de800000, 0x000002a0dea70000, 0x000002a0e5d30000]
CodeHeap 'non-nmethods': size=5760Kb used=1206Kb max_used=1226Kb free=4553Kb
 bounds [0x000002a0e5d30000, 0x000002a0e5fa0000, 0x000002a0e62d0000]
 total_blobs=1250 nmethods=738 adapters=425
 compilation: enabled
              stopped_count=0, restarted_count=0
 full_count=0

Compilation events (20 events):
Event: 374.388 Thread 0x000002a0f46ed840  729       4       java.io.ObjectOutputStream$BlockDataOutputStream::drain (45 bytes)
Event: 374.388 Thread 0x000002a0f4bd8540  730       4       java.io.ObjectOutputStream$BlockDataOutputStream::write (152 bytes)
Event: 374.389 Thread 0x000002a0f46ed840 nmethod 729 0x000002a0e6322d90 code [0x000002a0e6322f20, 0x000002a0e6323048]
Event: 374.389 Thread 0x000002a0f46ed840  731       4       java.io.ObjectOutputStream$BlockDataOutputStream::write (9 bytes)
Event: 374.390 Thread 0x000002a0f4bd8540 nmethod 730 0x000002a0e6323190 code [0x000002a0e6323340, 0x000002a0e6323518]
Event: 374.390 Thread 0x000002a0f46ed840 nmethod 731 0x000002a0e6323790 code [0x000002a0e6323940, 0x000002a0e6323af8]
Event: 374.567 Thread 0x000002a0f46ed840  732 %     4       java.io.ObjectOutputStream$BlockDataOutputStream::writeInts @ 48 (104 bytes)
Event: 374.573 Thread 0x000002a0f46ed840 nmethod 732% 0x000002a0e6323d10 code [0x000002a0e6323ea0, 0x000002a0e6324578]
Event: 374.574 Thread 0x000002a0f46ed840  733       4       java.io.ObjectOutputStream$BlockDataOutputStream::writeInts (104 bytes)
Event: 374.581 Thread 0x000002a0f46ed840 nmethod 733 0x000002a0e6324910 code [0x000002a0e6324ae0, 0x000002a0e6325298]
Event: 375.441 Thread 0x000002a0f46f1700  734       3       java.lang.ref.SoftReference::get (29 bytes)
Event: 375.441 Thread 0x000002a0f46f1700 nmethod 734 0x000002a0de903590 code [0x000002a0de903720, 0x000002a0de9038f8]
Event: 375.732 Thread 0x000002a0f46ed840  735       4       sun.awt.image.IntegerInterleavedRaster::getDataElements (151 bytes)
Event: 375.735 Thread 0x000002a0f46ed840 nmethod 735 0x000002a0e6325790 code [0x000002a0e6325920, 0x000002a0e6325e18]
Event: 376.418 Thread 0x000002a0f46f1700  736       3       java.lang.String::toString (2 bytes)
Event: 376.418 Thread 0x000002a0f46f1700 nmethod 736 0x000002a0de903990 code [0x000002a0de903b20, 0x000002a0de903c38]
Event: 377.350 Thread 0x000002a0f46f1700  737       3       java.io.ObjectOutputStream$BlockDataOutputStream::drain (45 bytes)
Event: 377.353 Thread 0x000002a0f46f1700 nmethod 737 0x000002a0de903d10 code [0x000002a0de903ec0, 0x000002a0de904198]
Event: 377.573 Thread 0x000002a0f46f1700  738       3       java.util.HashMap::isEmpty (13 bytes)
Event: 377.574 Thread 0x000002a0f46f1700 nmethod 738 0x000002a0de904290 code [0x000002a0de904420, 0x000002a0de904598]

GC Heap History (20 events):
Event: 376.567 GC heap after
{Heap after GC invocations=16 (full 0):
 garbage-first heap   total 181248K, used 107959K [0x000000008a200000, 0x0000000100000000)
  region size 1024K, 2 young (2048K), 2 survivors (2048K)
 Metaspace       used 4766K, committed 4928K, reserved 1114112K
  class space    used 463K, committed 512K, reserved 1048576K
}
Event: 376.773 GC heap before
{Heap before GC invocations=17 (full 0):
 garbage-first heap   total 194560K, used 116151K [0x000000008a200000, 0x0000000100000000)
  region size 1024K, 3 young (3072K), 2 survivors (2048K)
 Metaspace       used 4766K, committed 4928K, reserved 1114112K
  class space    used 463K, committed 512K, reserved 1048576K
}
Event: 376.775 GC heap after
{Heap after GC invocations=18 (full 0):
 garbage-first heap   total 194560K, used 116190K [0x000000008a200000, 0x0000000100000000)
  region size 1024K, 2 young (2048K), 2 survivors (2048K)
 Metaspace       used 4766K, committed 4928K, reserved 1114112K
  class space    used 463K, committed 512K, reserved 1048576K
}
Event: 376.816 GC heap before
{Heap before GC invocations=19 (full 0):
 garbage-first heap   total 208896K, used 124382K [0x000000008a200000, 0x0000000100000000)
  region size 1024K, 3 young (3072K), 2 survivors (2048K)
 Metaspace       used 4766K, committed 4928K, reserved 1114112K
  class space    used 463K, committed 512K, reserved 1048576K
}
Event: 376.818 GC heap after
{Heap after GC invocations=20 (full 0):
 garbage-first heap   total 208896K, used 124383K [0x000000008a200000, 0x0000000100000000)
  region size 1024K, 2 young (2048K), 2 survivors (2048K)
 Metaspace       used 4766K, committed 4928K, reserved 1114112K
  class space    used 463K, committed 512K, reserved 1048576K
}
Event: 377.009 GC heap before
{Heap before GC invocations=21 (full 0):
 garbage-first heap   total 222208K, used 132575K [0x000000008a200000, 0x0000000100000000)
  region size 1024K, 3 young (3072K), 2 survivors (2048K)
 Metaspace       used 4766K, committed 4928K, reserved 1114112K
  class space    used 463K, committed 512K, reserved 1048576K
}
Event: 377.011 GC heap after
{Heap after GC invocations=22 (full 0):
 garbage-first heap   total 222208K, used 132491K [0x000000008a200000, 0x0000000100000000)
  region size 1024K, 2 young (2048K), 2 survivors (2048K)
 Metaspace       used 4766K, committed 4928K, reserved 1114112K
  class space    used 463K, committed 512K, reserved 1048576K
}
Event: 377.068 GC heap before
{Heap before GC invocations=23 (full 0):
 garbage-first heap   total 235520K, used 140683K [0x000000008a200000, 0x0000000100000000)
  region size 1024K, 3 young (3072K), 2 survivors (2048K)
 Metaspace       used 4766K, committed 4928K, reserved 1114112K
  class space    used 463K, committed 512K, reserved 1048576K
}
Event: 377.069 GC heap after
{Heap after GC invocations=24 (full 0):
 garbage-first heap   total 235520K, used 140717K [0x000000008a200000, 0x0000000100000000)
  region size 1024K, 2 young (2048K), 2 survivors (2048K)
 Metaspace       used 4766K, committed 4928K, reserved 1114112K
  class space    used 463K, committed 512K, reserved 1048576K
}
Event: 377.306 GC heap before
{Heap before GC invocations=25 (full 0):
 garbage-first heap   total 249856K, used 148909K [0x000000008a200000, 0x0000000100000000)
  region size 1024K, 3 young (3072K), 2 survivors (2048K)
 Metaspace       used 4766K, committed 4928K, reserved 1114112K
  class space    used 463K, committed 512K, reserved 1048576K
}
Event: 377.308 GC heap after
{Heap after GC invocations=26 (full 0):
 garbage-first heap   total 249856K, used 148909K [0x000000008a200000, 0x0000000100000000)
  region size 1024K, 2 young (2048K), 2 survivors (2048K)
 Metaspace       used 4766K, committed 4928K, reserved 1114112K
  class space    used 463K, committed 512K, reserved 1048576K
}
Event: 377.350 GC heap before
{Heap before GC invocations=27 (full 0):
 garbage-first heap   total 263168K, used 157101K [0x000000008a200000, 0x0000000100000000)
  region size 1024K, 3 young (3072K), 2 survivors (2048K)
 Metaspace       used 4766K, committed 4928K, reserved 1114112K
  class space    used 463K, committed 512K, reserved 1048576K
}
Event: 377.352 GC heap after
{Heap after GC invocations=28 (full 0):
 garbage-first heap   total 263168K, used 157243K [0x000000008a200000, 0x0000000100000000)
  region size 1024K, 1 young (1024K), 1 survivors (1024K)
 Metaspace       used 4766K, committed 4928K, reserved 1114112K
  class space    used 463K, committed 512K, reserved 1048576K
}
Event: 377.574 GC heap before
{Heap before GC invocations=29 (full 0):
 garbage-first heap   total 278528K, used 165435K [0x000000008a200000, 0x0000000100000000)
  region size 1024K, 2 young (2048K), 1 survivors (1024K)
 Metaspace       used 4766K, committed 4928K, reserved 1114112K
  class space    used 463K, committed 512K, reserved 1048576K
}
Event: 377.574 GC heap after
{Heap after GC invocations=30 (full 0):
 garbage-first heap   total 278528K, used 165288K [0x000000008a200000, 0x0000000100000000)
  region size 1024K, 1 young (1024K), 1 survivors (1024K)
 Metaspace       used 4766K, committed 4928K, reserved 1114112K
  class space    used 463K, committed 512K, reserved 1048576K
}
Event: 377.617 GC heap before
{Heap before GC invocations=31 (full 0):
 garbage-first heap   total 291840K, used 173480K [0x000000008a200000, 0x0000000100000000)
  region size 1024K, 2 young (2048K), 1 survivors (1024K)
 Metaspace       used 4766K, committed 4928K, reserved 1114112K
  class space    used 463K, committed 512K, reserved 1048576K
}
Event: 377.618 GC heap after
{Heap after GC invocations=32 (full 0):
 garbage-first heap   total 291840K, used 173489K [0x000000008a200000, 0x0000000100000000)
  region size 1024K, 1 young (1024K), 1 survivors (1024K)
 Metaspace       used 4766K, committed 4928K, reserved 1114112K
  class space    used 463K, committed 512K, reserved 1048576K
}
Event: 377.852 GC heap before
{Heap before GC invocations=33 (full 0):
 garbage-first heap   total 306176K, used 181681K [0x000000008a200000, 0x0000000100000000)
  region size 1024K, 2 young (2048K), 1 survivors (1024K)
 Metaspace       used 4766K, committed 4928K, reserved 1114112K
  class space    used 463K, committed 512K, reserved 1048576K
}
Event: 377.852 GC heap after
{Heap after GC invocations=34 (full 0):
 garbage-first heap   total 306176K, used 181681K [0x000000008a200000, 0x0000000100000000)
  region size 1024K, 1 young (1024K), 1 survivors (1024K)
 Metaspace       used 4766K, committed 4928K, reserved 1114112K
  class space    used 463K, committed 512K, reserved 1048576K
}
Event: 377.900 GC heap before
{Heap before GC invocations=35 (full 0):
 garbage-first heap   total 319488K, used 189873K [0x000000008a200000, 0x0000000100000000)
  region size 1024K, 2 young (2048K), 1 survivors (1024K)
 Metaspace       used 4766K, committed 4928K, reserved 1114112K
  class space    used 463K, committed 512K, reserved 1048576K
}

Deoptimization events (20 events):
Event: 374.272 Thread 0x000002a0f49c5060 DEOPT PACKING pc=0x000002a0de8e56ab sp=0x000000cf85dfdfd0
Event: 374.272 Thread 0x000002a0f49c5060 DEOPT UNPACKING pc=0x000002a0e5d82b43 sp=0x000000cf85dfd4c0 mode 0
Event: 374.272 Thread 0x000002a0f49c5060 DEOPT PACKING pc=0x000002a0de8e56ab sp=0x000000cf85dfdfd0
Event: 374.272 Thread 0x000002a0f49c5060 DEOPT UNPACKING pc=0x000002a0e5d82b43 sp=0x000000cf85dfd4c0 mode 0
Event: 374.296 Thread 0x000002a0f49c5060 DEOPT PACKING pc=0x000002a0de8f43b7 sp=0x000000cf85dfe150
Event: 374.296 Thread 0x000002a0f49c5060 DEOPT UNPACKING pc=0x000002a0e5d82b43 sp=0x000000cf85dfd658 mode 0
Event: 374.411 Thread 0x000002a0f49c5060 Uncommon trap: trap_request=0xffffff45 fr.pc=0x000002a0e63106dc relative=0x00000000000005bc
Event: 374.411 Thread 0x000002a0f49c5060 Uncommon trap: reason=unstable_if action=reinterpret pc=0x000002a0e63106dc method=java.io.ObjectOutputStream$BlockDataOutputStream.writeInts([III)V @ 13 c2
Event: 374.411 Thread 0x000002a0f49c5060 DEOPT PACKING pc=0x000002a0e63106dc sp=0x000000cf85dfe190
Event: 374.411 Thread 0x000002a0f49c5060 DEOPT UNPACKING pc=0x000002a0e5d823a3 sp=0x000000cf85dfe158 mode 2
Event: 374.411 Thread 0x000002a0f49c5060 Uncommon trap: trap_request=0xffffff45 fr.pc=0x000002a0e6322fc8 relative=0x00000000000000a8
Event: 374.411 Thread 0x000002a0f49c5060 Uncommon trap: reason=unstable_if action=reinterpret pc=0x000002a0e6322fc8 method=java.io.ObjectOutputStream$BlockDataOutputStream.drain()V @ 4 c2
Event: 374.411 Thread 0x000002a0f49c5060 DEOPT PACKING pc=0x000002a0e6322fc8 sp=0x000000cf85dfed80
Event: 374.411 Thread 0x000002a0f49c5060 DEOPT UNPACKING pc=0x000002a0e5d823a3 sp=0x000000cf85dfed20 mode 2
Event: 374.557 Thread 0x000002a0f49c5060 Uncommon trap: trap_request=0xffffff45 fr.pc=0x000002a0e6323484 relative=0x0000000000000144
Event: 374.557 Thread 0x000002a0f49c5060 Uncommon trap: reason=unstable_if action=reinterpret pc=0x000002a0e6323484 method=java.io.ObjectOutputStream$BlockDataOutputStream.drain()V @ 4 c2
Event: 374.557 Thread 0x000002a0f49c5060 DEOPT PACKING pc=0x000002a0e6323484 sp=0x000000cf85dfe240
Event: 374.557 Thread 0x000002a0f49c5060 DEOPT UNPACKING pc=0x000002a0e5d823a3 sp=0x000000cf85dfe198 mode 2
Event: 374.573 Thread 0x000002a0f49c5060 DEOPT PACKING pc=0x000002a0de8f9ddf sp=0x000000cf85dfe180
Event: 374.573 Thread 0x000002a0f49c5060 DEOPT UNPACKING pc=0x000002a0e5d82b43 sp=0x000000cf85dfd648 mode 0

Classes unloaded (0 events):
No events

Classes redefined (0 events):
No events

Internal exceptions (17 events):
Event: 0.066 Thread 0x000002a0d6f5abd0 Exception <a 'sun/nio/fs/WindowsException'{0x0000000091622030}> (0x0000000091622030) 
thrown [s\open\src\hotspot\share\prims\jni.cpp, line 516]
Event: 0.066 Thread 0x000002a0d6f5abd0 Exception <a 'sun/nio/fs/WindowsException'{0x0000000091622500}> (0x0000000091622500) 
thrown [s\open\src\hotspot\share\prims\jni.cpp, line 516]
Event: 0.069 Thread 0x000002a0d6f5abd0 Exception <a 'sun/nio/fs/WindowsException'{0x00000000916245e0}> (0x00000000916245e0) 
thrown [s\open\src\hotspot\share\prims\jni.cpp, line 516]
Event: 0.086 Thread 0x000002a0d6f5abd0 Exception <a 'java/lang/NoSuchMethodError'{0x00000000916bd840}: 'java.lang.Object java.lang.invoke.DirectMethodHandle$Holder.invokeStaticInit(java.lang.Object)'> (0x00000000916bd840) 
thrown [s\open\src\hotspot\share\interpreter\linkResolver.cpp, line 759]
Event: 0.093 Thread 0x000002a0d6f5abd0 Exception <a 'java/lang/NoSuchMethodError'{0x00000000916ce5d8}: 'void java.lang.invoke.DirectMethodHandle$Holder.invokeStatic(java.lang.Object, java.lang.Object)'> (0x00000000916ce5d8) 
thrown [s\open\src\hotspot\share\interpreter\linkResolver.cpp, line 759]
Event: 284.722 Thread 0x000002a0f4a172c0 Exception <a 'java/lang/NoSuchMethodError'{0x0000000091513730}: 'void java.lang.invoke.DirectMethodHandle$Holder.invokeStatic(java.lang.Object, long)'> (0x0000000091513730) 
thrown [s\open\src\hotspot\share\interpreter\linkResolver.cpp, line 759]
Event: 284.724 Thread 0x000002a0f4a172c0 Exception <a 'java/lang/NoSuchMethodError'{0x0000000091518de0}: 'java.lang.Object java.lang.invoke.DirectMethodHandle$Holder.newInvokeSpecial(java.lang.Object, long)'> (0x0000000091518de0) 
thrown [s\open\src\hotspot\share\interpreter\linkResolver.cpp, line 759]
Event: 284.727 Thread 0x000002a0f4a172c0 Exception <a 'java/lang/NoSuchMethodError'{0x00000000915249c8}: 'java.lang.Object java.lang.invoke.DirectMethodHandle$Holder.invokeStaticInit(java.lang.Object, java.lang.Object, long, java.lang.Object)'> (0x00000000915249c8) 
thrown [s\open\src\hotspot\share\interpreter\linkResolver.cpp, line 759]
Event: 284.727 Thread 0x000002a0f4a172c0 Exception <a 'java/lang/NoSuchMethodError'{0x000000009152ade0}: 'java.lang.Object java.lang.invoke.DirectMethodHandle$Holder.newInvokeSpecial(java.lang.Object, java.lang.Object, long)'> (0x000000009152ade0) 
thrown [s\open\src\hotspot\share\interpreter\linkResolver.cpp, line 759]
Event: 284.728 Thread 0x000002a0f4a172c0 Exception <a 'java/lang/NoSuchMethodError'{0x000000009152f0d0}: 'java.lang.Object java.lang.invoke.Invokers$Holder.linkToTargetMethod(java.lang.Object, long, java.lang.Object)'> (0x000000009152f0d0) 
thrown [s\open\src\hotspot\share\interpreter\linkResolver.cpp, line 759]
Event: 331.152 Thread 0x000002a0f4a172c0 Exception <a 'java/lang/ClassNotFoundException'{0x000000009154abf0}: sun/awt/resources/spi/awtProvider> (0x000000009154abf0) 
thrown [s\open\src\hotspot\share\classfile\systemDictionary.cpp, line 256]
Event: 331.173 Thread 0x000002a0f4a172c0 Exception <a 'java/io/FileNotFoundException'{0x000000009159ae38}> (0x000000009159ae38) 
thrown [s\open\src\hotspot\share\prims\jni.cpp, line 516]
Event: 331.178 Thread 0x000002a0f4a172c0 Exception <a 'java/io/FileNotFoundException'{0x00000000915c7f20}> (0x00000000915c7f20) 
thrown [s\open\src\hotspot\share\prims\jni.cpp, line 516]
Event: 331.356 Thread 0x000002a0f4a172c0 Exception <a 'java/lang/NoSuchMethodError'{0x00000000914671f0}: 'java.lang.Object java.lang.invoke.DirectMethodHandle$Holder.invokeStaticInit(java.lang.Object, int, int, int, int)'> (0x00000000914671f0) 
thrown [s\open\src\hotspot\share\interpreter\linkResolver.cpp, line 759]
Event: 331.414 Thread 0x000002a0f4a172c0 Exception <a 'java/lang/NoSuchMethodError'{0x00000000913bcd20}: 'java.lang.Object java.lang.invoke.DirectMethodHandle$Holder.invokeStaticInit(java.lang.Object, java.lang.Object, int, int, int, int)'> (0x00000000913bcd20) 
thrown [s\open\src\hotspot\share\interpreter\linkResolver.cpp, line 759]
Event: 374.245 Thread 0x000002a0f49c5060 Exception <a 'java/lang/NoSuchMethodError'{0x000000009168e608}: static Ljava/lang/Object;.<clinit>()V> (0x000000009168e608) 
thrown [s\open\src\hotspot\share\prims\jni.cpp, line 1107]
Event: 374.272 Thread 0x000002a0f49c5060 Exception <a 'java/lang/NoSuchMethodError'{0x0000000091695748}: static [I.<clinit>()V> (0x0000000091695748) 
thrown [s\open\src\hotspot\share\prims\jni.cpp, line 1107]

VM Operations (20 events):
Event: 377.371 Executing VM operation: G1Concurrent done
Event: 377.574 Executing VM operation: G1TryInitiateConcMark
Event: 377.574 Executing VM operation: G1TryInitiateConcMark done
Event: 377.576 Executing VM operation: G1Concurrent
Event: 377.587 Executing VM operation: G1Concurrent done
Event: 377.588 Executing VM operation: G1Concurrent
Event: 377.588 Executing VM operation: G1Concurrent done
Event: 377.617 Executing VM operation: G1TryInitiateConcMark
Event: 377.618 Executing VM operation: G1TryInitiateConcMark done
Event: 377.619 Executing VM operation: G1Concurrent
Event: 377.621 Executing VM operation: G1Concurrent done
Event: 377.622 Executing VM operation: G1Concurrent
Event: 377.622 Executing VM operation: G1Concurrent done
Event: 377.851 Executing VM operation: G1TryInitiateConcMark
Event: 377.852 Executing VM operation: G1TryInitiateConcMark done
Event: 377.854 Executing VM operation: G1Concurrent
Event: 377.868 Executing VM operation: G1Concurrent done
Event: 377.869 Executing VM operation: G1Concurrent
Event: 377.869 Executing VM operation: G1Concurrent done
Event: 377.900 Executing VM operation: G1TryInitiateConcMark

Events (20 events):
Event: 374.245 loading class java/io/ObjectStreamClass$ClassDataSlot
Event: 374.245 loading class java/io/ObjectStreamClass$ClassDataSlot done
Event: 374.245 loading class java/io/SerialCallbackContext
Event: 374.246 loading class java/io/SerialCallbackContext done
Event: 374.249 loading class java/awt/image/PixelGrabber
Event: 374.249 loading class java/awt/image/ImageConsumer
Event: 374.249 loading class java/awt/image/ImageConsumer done
Event: 374.249 loading class java/awt/image/PixelGrabber done
Event: 374.249 loading class sun/awt/image/OffScreenImageSource
Event: 374.250 loading class java/awt/image/ImageProducer
Event: 374.250 loading class java/awt/image/ImageProducer done
Event: 374.250 loading class sun/awt/image/OffScreenImageSource done
Event: 374.252 Thread 0x000002a0f4bd8540 Thread added: 0x000002a0f4bd8540
Event: 374.272 loading class java/io/ObjectStreamClass$ExceptionInfo
Event: 374.272 loading class java/io/ObjectStreamClass$ExceptionInfo done
Event: 374.273 loading class jdk/internal/misc/ScopedMemoryAccess$Scope
Event: 374.273 loading class jdk/internal/misc/ScopedMemoryAccess$Scope done
Event: 374.344 loading class java/util/concurrent/locks/AbstractQueuedSynchronizer$Node
Event: 374.344 loading class java/util/concurrent/locks/AbstractQueuedSynchronizer$Node done
Event: 374.567 Thread 0x000002a0f4bd8540 Thread exited: 0x000002a0f4bd8540


Dynamic libraries:
0x00007ff70e7e0000 - 0x00007ff70e7f0000 	C:\Program Files\Java\jdk-17\bin\java.exe
0x00007ffa22e30000 - 0x00007ffa23047000 	C:\WINDOWS\SYSTEM32\ntdll.dll
0x00007ffa218b0000 - 0x00007ffa21974000 	C:\WINDOWS\System32\KERNEL32.DLL
0x00007ffa20750000 - 0x00007ffa20af5000 	C:\WINDOWS\System32\KERNELBASE.dll
0x00007ffa20510000 - 0x00007ffa20621000 	C:\WINDOWS\System32\ucrtbase.dll
0x00007ffa1b690000 - 0x00007ffa1b6ab000 	C:\Program Files\Java\jdk-17\bin\VCRUNTIME140.dll
0x00007ffa1b7b0000 - 0x00007ffa1b7c9000 	C:\Program Files\Java\jdk-17\bin\jli.dll
0x00007ffa21980000 - 0x00007ffa21a31000 	C:\WINDOWS\System32\ADVAPI32.dll
0x00007ffa22b80000 - 0x00007ffa22c27000 	C:\WINDOWS\System32\msvcrt.dll
0x00007ffa21ef0000 - 0x00007ffa21f96000 	C:\WINDOWS\System32\sechost.dll
0x00007ffa21790000 - 0x00007ffa218a7000 	C:\WINDOWS\System32\RPCRT4.dll
0x00007ffa21fa0000 - 0x00007ffa2214e000 	C:\WINDOWS\System32\USER32.dll
0x00007ffa201a0000 - 0x00007ffa201c6000 	C:\WINDOWS\System32\win32u.dll
0x00007ffa05bc0000 - 0x00007ffa05e53000 	C:\WINDOWS\WinSxS\amd64_microsoft.windows.common-controls_6595b64144ccf1df_6.0.22621.2506_none_270c5ae97388e100\COMCTL32.dll
0x00007ffa22290000 - 0x00007ffa222b9000 	C:\WINDOWS\System32\GDI32.dll
0x00007ffa20630000 - 0x00007ffa20749000 	C:\WINDOWS\System32\gdi32full.dll
0x00007ffa201d0000 - 0x00007ffa2026a000 	C:\WINDOWS\System32\msvcp_win.dll
0x00007ffa19600000 - 0x00007ffa1960a000 	C:\WINDOWS\SYSTEM32\VERSION.dll
0x00007ffa21640000 - 0x00007ffa21671000 	C:\WINDOWS\System32\IMM32.DLL
0x00007ffa1b680000 - 0x00007ffa1b68c000 	C:\Program Files\Java\jdk-17\bin\vcruntime140_1.dll
0x00007ff9e7a50000 - 0x00007ff9e7ade000 	C:\Program Files\Java\jdk-17\bin\msvcp140.dll
0x00007ff9e1dd0000 - 0x00007ff9e29b1000 	C:\Program Files\Java\jdk-17\bin\server\jvm.dll
0x00007ffa21460000 - 0x00007ffa21468000 	C:\WINDOWS\System32\PSAPI.DLL
0x00007ffa199a0000 - 0x00007ffa199d4000 	C:\WINDOWS\SYSTEM32\WINMM.dll
0x00007ffa1b6b0000 - 0x00007ffa1b6b9000 	C:\WINDOWS\SYSTEM32\WSOCK32.dll
0x00007ffa213e0000 - 0x00007ffa21451000 	C:\WINDOWS\System32\WS2_32.dll
0x00007ffa1f140000 - 0x00007ffa1f158000 	C:\WINDOWS\SYSTEM32\kernel.appcore.dll
0x00007ffa1b670000 - 0x00007ffa1b67a000 	C:\Program Files\Java\jdk-17\bin\jimage.dll
0x00007ffa1dbc0000 - 0x00007ffa1ddf3000 	C:\WINDOWS\SYSTEM32\DBGHELP.DLL
0x00007ffa20e30000 - 0x00007ffa211b9000 	C:\WINDOWS\System32\combase.dll
0x00007ffa22150000 - 0x00007ffa22227000 	C:\WINDOWS\System32\OLEAUT32.dll
0x00007ffa0cb20000 - 0x00007ffa0cb52000 	C:\WINDOWS\SYSTEM32\dbgcore.DLL
0x00007ffa20b00000 - 0x00007ffa20b7a000 	C:\WINDOWS\System32\bcryptPrimitives.dll
0x00007ff9f2fe0000 - 0x00007ff9f3005000 	C:\Program Files\Java\jdk-17\bin\java.dll
0x00007ff9e7c80000 - 0x00007ff9e7d57000 	C:\Program Files\Java\jdk-17\bin\jsvml.dll
0x00007ffa222c0000 - 0x00007ffa22b19000 	C:\WINDOWS\System32\SHELL32.dll
0x00007ffa1e0c0000 - 0x00007ffa1e9b4000 	C:\WINDOWS\SYSTEM32\windows.storage.dll
0x00007ffa1df80000 - 0x00007ffa1e0be000 	C:\WINDOWS\SYSTEM32\wintypes.dll
0x00007ffa21690000 - 0x00007ffa21783000 	C:\WINDOWS\System32\SHCORE.dll
0x00007ffa22b20000 - 0x00007ffa22b7e000 	C:\WINDOWS\System32\shlwapi.dll
0x00007ffa200d0000 - 0x00007ffa200f6000 	C:\WINDOWS\SYSTEM32\profapi.dll
0x00007ff9f5530000 - 0x00007ff9f5549000 	C:\Program Files\Java\jdk-17\bin\net.dll
0x00007ffa19080000 - 0x00007ffa191b7000 	C:\WINDOWS\SYSTEM32\WINHTTP.dll
0x00007ffa1f620000 - 0x00007ffa1f689000 	C:\WINDOWS\system32\mswsock.dll
0x00007ff9ecb30000 - 0x00007ff9ecb46000 	C:\Program Files\Java\jdk-17\bin\nio.dll
0x00007ff9e8d00000 - 0x00007ff9e8d18000 	C:\Program Files\Java\jdk-17\bin\zip.dll
0x00007ff9e7ae0000 - 0x00007ff9e7c71000 	C:\Program Files\Java\jdk-17\bin\awt.dll
0x00007ffa1d190000 - 0x00007ffa1d227000 	C:\WINDOWS\SYSTEM32\apphelp.dll
0x00007ffa1d5c0000 - 0x00007ffa1d5eb000 	C:\WINDOWS\system32\DWMAPI.DLL
0x00007ffa1d360000 - 0x00007ffa1d40b000 	C:\WINDOWS\system32\uxtheme.dll
0x00007ff9e7950000 - 0x00007ff9e7a50000 	C:\WINDOWS\system32\opengl32.dll
0x00007ff9e8cd0000 - 0x00007ff9e8cfd000 	C:\WINDOWS\SYSTEM32\GLU32.dll
0x00007ffa1d460000 - 0x00007ffa1d496000 	C:\WINDOWS\SYSTEM32\dxcore.dll
0x00007ffa21470000 - 0x00007ffa215bf000 	C:\WINDOWS\System32\MSCTF.dll
0x00007ffa20b80000 - 0x00007ffa20d20000 	C:\WINDOWS\System32\ole32.dll
0x00007ff9b2c80000 - 0x00007ff9b2e29000 	C:\WINDOWS\system32\d3d9.dll
0x00007ffa17260000 - 0x00007ffa1743b000 	C:\WINDOWS\System32\DriverStore\FileRepository\u0361383.inf_amd64_cfccffda602342c4\B361368\aticfx64.dll
0x00007ff9e3e40000 - 0x00007ff9e3e73000 	C:\WINDOWS\System32\DriverStore\FileRepository\u0361383.inf_amd64_cfccffda602342c4\B361368\atiu9p64.dll
0x00007ff9de3a0000 - 0x00007ff9df036000 	C:\WINDOWS\System32\DriverStore\FileRepository\u0361383.inf_amd64_cfccffda602342c4\B361368\atiumd64.dll
0x000000006b240000 - 0x000000006c0be000 	C:\WINDOWS\System32\DriverStore\FileRepository\u0361383.inf_amd64_cfccffda602342c4\B361368\atiumd6a.dll
0x00007ffa1fa40000 - 0x00007ffa1fa68000 	C:\WINDOWS\SYSTEM32\bcrypt.dll
0x00007ffa20070000 - 0x00007ffa200bd000 	C:\WINDOWS\SYSTEM32\POWRPROF.dll
0x00007ffa20050000 - 0x00007ffa20063000 	C:\WINDOWS\SYSTEM32\UMPDC.dll
0x00007ffa17160000 - 0x00007ffa1718f000 	C:\WINDOWS\SYSTEM32\amdihk64.dll
0x00007ffa19c70000 - 0x00007ffa19cba000 	C:\WINDOWS\SYSTEM32\directxdatabasehelper.dll
0x00007ffa1f880000 - 0x00007ffa1f89b000 	C:\WINDOWS\SYSTEM32\CRYPTSP.dll
0x00007ffa1f100000 - 0x00007ffa1f135000 	C:\WINDOWS\system32\rsaenh.dll
0x00007ffa1f710000 - 0x00007ffa1f73c000 	C:\WINDOWS\SYSTEM32\USERENV.dll
0x00007ffa1f870000 - 0x00007ffa1f87c000 	C:\WINDOWS\SYSTEM32\CRYPTBASE.dll
0x00007ffa1ec20000 - 0x00007ffa1ec4d000 	C:\WINDOWS\SYSTEM32\IPHLPAPI.DLL
0x00007ffa20e20000 - 0x00007ffa20e29000 	C:\WINDOWS\System32\NSI.dll
0x00007ffa19610000 - 0x00007ffa19629000 	C:\WINDOWS\SYSTEM32\dhcpcsvc6.DLL
0x00007ffa18fa0000 - 0x00007ffa18fbf000 	C:\WINDOWS\SYSTEM32\dhcpcsvc.DLL
0x00007ffa1ec90000 - 0x00007ffa1ed89000 	C:\WINDOWS\SYSTEM32\DNSAPI.dll

dbghelp: loaded successfully - version: 4.0.5 - missing functions: none
symbol engine: initialized successfully - sym options: 0x614 - pdb path: .;C:\Program Files\Java\jdk-17\bin;C:\WINDOWS\SYSTEM32;C:\WINDOWS\WinSxS\amd64_microsoft.windows.common-controls_6595b64144ccf1df_6.0.22621.2506_none_270c5ae97388e100;C:\Program Files\Java\jdk-17\bin\server;C:\WINDOWS\System32\DriverStore\FileRepository\u0361383.inf_amd64_cfccffda602342c4\B361368

VM Arguments:
jvm_args: -Dfile.encoding=UTF-8 --module-path=C:\Users\HI\g3_proj-497370688\RMServer\build\classes 
java_command: rmserver.RMServer
java_class_path (initial): C:\Users\HI\g3_proj-497370688\out\artifacts\Common_jar\Common.jar;C:\Users\HI\g3_proj-497370688\RMServer\build\classes
Launcher Type: SUN_STANDARD

[Global flags]
     intx CICompilerCount                          = 3                                         {product} {ergonomic}
     uint ConcGCThreads                            = 2                                         {product} {ergonomic}
     uint G1ConcRefinementThreads                  = 6                                         {product} {ergonomic}
   size_t G1HeapRegionSize                         = 1048576                                   {product} {ergonomic}
    uintx GCDrainStackTargetSize                   = 64                                        {product} {ergonomic}
   size_t InitialHeapSize                          = 123731968                                 {product} {ergonomic}
   size_t MarkStackSize                            = 4194304                                   {product} {ergonomic}
   size_t MaxHeapSize                              = 1977614336                                {product} {ergonomic}
   size_t MaxNewSize                               = 1185939456                                {product} {ergonomic}
   size_t MinHeapDeltaBytes                        = 1048576                                   {product} {ergonomic}
   size_t MinHeapSize                              = 8388608                                   {product} {ergonomic}
    uintx NonNMethodCodeHeapSize                   = 5832780                                {pd product} {ergonomic}
    uintx NonProfiledCodeHeapSize                  = 122912730                              {pd product} {ergonomic}
    uintx ProfiledCodeHeapSize                     = 122912730                              {pd product} {ergonomic}
    uintx ReservedCodeCacheSize                    = 251658240                              {pd product} {ergonomic}
     bool SegmentedCodeCache                       = true                                      {product} {ergonomic}
   size_t SoftMaxHeapSize                          = 1977614336                             {manageable} {ergonomic}
     bool UseCompressedClassPointers               = true                           {product lp64_product} {ergonomic}
     bool UseCompressedOops                        = true                           {product lp64_product} {ergonomic}
     bool UseG1GC                                  = true                                      {product} {ergonomic}
     bool UseLargePagesIndividualAllocation        = false                                  {pd product} {ergonomic}

Logging:
Log output configuration:
 #0: stdout all=warning uptime,level,tags
 #1: stderr all=off uptime,level,tags

Environment Variables:
JAVA_HOME=C:\Java\
PATH=C:\Program Files\Common Files\Oracle\Java\javapath;C:\Program Files (x86)\VMware\VMware Workstation\bin\;C:\Java\bin;C:\WINDOWS\system32;C:\WINDOWS;C:\WINDOWS\System32\Wbem;C:\WINDOWS\System32\WindowsPowerShell\v1.0\;C:\WINDOWS\System32\OpenSSH\;C:\MinGW\bin\;C:\TDM-GCC-64\bin;C:\Program Files\Microsoft SQL Server\Client SDK\ODBC\170\Tools\Binn\;C:\Program Files (x86)\Microsoft SQL Server\150\Tools\Binn\;C:\Program Files\Microsoft SQL Server\150\Tools\Binn\;C:\Program Files\Microsoft SQL Server\150\DTS\Binn\;C:\Program Files (x86)\Microsoft SQL Server\160\DTS\Binn\;C:\Program Files (x86)\Microsoft SQL Server\160\Tools\Binn\;C:\Program Files\Microsoft SQL Server\160\Tools\Binn\;C:\Program Files\Microsoft SQL Server\160\DTS\Binn\;D:\;C:\dart-sdk;C:\Program Files\dotnet\;C:\Program Files\Git\cmd;C:\Program Files\MySQL\MySQL Shell 8.0\bin\;D:\Scripts\;D:\;D:\python\Scripts\;D:\python\;C:\Users\HI\AppData\Local\Microsoft\WindowsApps;C:\Users\HI\AppData\Local\Programs\Microsoft VS Code\bin;C:\TDM-GCC-64\bin;D:\php\php;C:\Program Files\JetBrains\PyCharm Community Edition 2021.2.3\bin;;;C:\Program Files\Azure Data Studio\bin;C:\Users\HI\AppData\Roaming\npm;C:\Users\HI\.dotnet\tools;C:\Program Files\JetBrains\IntelliJ IDEA 2023.2.2\bin;;C:\Program Files\JetBrains\IntelliJ IDEA Educational Edition 2022.2.2\bin;;C:\Program Files\JetBrains\IntelliJ IDEA Community Edition 2023.2.2\bin;
USERNAME=HI
OS=Windows_NT
PROCESSOR_IDENTIFIER=AMD64 Family 23 Model 96 Stepping 1, AuthenticAMD



---------------  S Y S T E M  ---------------

OS:
 Windows 11 , 64 bit Build 22621 (10.0.22621.2506)
OS uptime: 0 days 0:19 hours

CPU: total 6 (initial active 6) (6 cores per cpu, 1 threads per core) family 23 model 96 stepping 1 microcode 0x0, cx8, cmov, fxsr, mmx, 3dnowpref, sse, sse2, sse3, ssse3, sse4a, sse4.1, sse4.2, popcnt, lzcnt, tsc, tscinvbit, avx, avx2, aes, clmul, bmi1, bmi2, adx, sha, fma, vzeroupper, clflush, clflushopt

Memory: 4k page, system-wide physical 7542M (428M free)
TotalPageFile size 11638M (AvailPageFile size 108M)
current process WorkingSet (physical memory assigned to process): 274M, peak: 281M
current process commit charge ("private bytes"): 426M, peak: 574M

vm_info: Java HotSpot(TM) 64-Bit Server VM (17.0.9+11-LTS-201) for windows-amd64 JRE (17.0.9+11-LTS-201), built on Oct 10 2023 23:16:06 by "mach5one" with MS VC++ 17.1 (VS2022)

END.
